Initializing document watcher...
angularFrontend/src/app/events-page/events-page.component.ts: {}
angularFrontend/src/app/events-page/events-page.component.ts: {}
angularFrontend/src/app/events-page/events-page.component.html: {}
angularFrontend/src/app/events-page/events-page.component.html: Using EditorConfig core...
angularFrontend/src/app/events-page/events-page.component.scss: {}
angularFrontend/src/app/events-page/events-page.component.html: {}
angularFrontend/src/app/events-page/events-page.component.html: {}
angularFrontend/src/app/events-page/events-page.component.html: {}
angularFrontend/src/app/events-page/events-page.component.html: Using EditorConfig core...
angularFrontend/src/app/events-page/events-page.component.html: Using EditorConfig core...
angularFrontend/src/app/events-page/events-page.component.html: Using EditorConfig core...
angularFrontend/src/app/events-page/events-page.component.html: Using EditorConfig core...
angularFrontend/src/app/events-page/events-page.component.html: Using EditorConfig core...
angularFrontend/src/app/events-page/events-page.component.html: {}
angularFrontend/src/app/events-page/events-page.component.html: {}
angularFrontend/src/app/events-page/events-page.component.html: {}
angularFrontend/src/app/events-page/events-page.component.html: {}
angularFrontend/src/app/events-page/events-page.component.html: Using EditorConfig core...
angularFrontend/src/app/events-page/events-page.component.html: Using EditorConfig core...
angularFrontend/src/app/events-page/events-page.component.ts: {}
angularFrontend/src/app/events-page/events-page.component.html: {}
angularFrontend/src/app/events-page/events-page.component.ts: {}
angularFrontend/src/app/events-page/events-page.component.ts: {}
angularFrontend/src/app/events-page/events-page.component.scss: {}
angularFrontend/src/app/events-page/events-page.component.html: {}
angularFrontend/src/app/events-page/events-page.component.ts: {}
angularFrontend/src/app/events-page/events-page.component.ts: Using EditorConfig core...
angularFrontend/src/app/events-page/events-page.component.html: {}
angularFrontend/src/app/events-page/events-page.component.html: Using EditorConfig core...
angularFrontend/src/app/events-page/events-page.component.scss: {}
angularFrontend/src/app/events-page/events-page.component.html: {}
angularFrontend/src/app/events-page/events-page.component.ts: {}
angularFrontend/src/app/events-page/events-page.component.html: {}
angularFrontend/src/app/events-page/events-page.component.html: Using EditorConfig core...
angularFrontend/src/app/events-page/events-page.component.html: Using EditorConfig core...
angularFrontend/src/app/events-page/events-page.component.html: {}
angularFrontend/src/app/events-page/events-page.component.ts: {}
angularFrontend/src/app/events-page/events-page.component.ts: {}
angularFrontend/src/app/events-page/events-page.component.html: {}
angularFrontend/src/app/events-page/events-page.component.ts: {}
angularFrontend/src/app/events-page/events-page.component.html: {}
angularFrontend/src/app/events-page/events-page.component.ts: {}
angularFrontend/src/app/events-page/events-page.component.html: {}
angularFrontend/src/app/events-page/events-page.component.html: {}
angularFrontend/src/app/events-page/events-page.component.ts: {}
angularFrontend/src/app/events-page/events-page.component.ts: {}
angularFrontend/src/app/app.module.ts: {}
angularFrontend/src/app/app.module.ts: {}
angularFrontend/src/app/events-page/events-page.component.ts: {}
angularFrontend/src/app/events-page/events-page.component.ts: {}
angularFrontend/src/app/app.module.ts: {}
angularFrontend/src/app/events-page/events-page.component.ts: {}
angularFrontend/src/app/events-page/events-page.component.ts: {}
angularFrontend/src/app/events-page/events-page.component.ts: Using EditorConfig core...
angularFrontend/src/app/events-page/events-page.component.ts: Using EditorConfig core...
angularFrontend/src/app/login/login.component.ts: {}
angularFrontend/src/app/events-page/events-page.component.ts: {}
angularFrontend/src/app/events-page/events-page.component.ts: Using EditorConfig core...
angularFrontend/src/app/events-page/events-page.component.html: {}
angularFrontend/src/app/events-page/events-page.component.html: Using EditorConfig core...
angularFrontend/src/app/events-page/events-page.component.html: Using EditorConfig core...
angularFrontend/src/app/events-page/events-page.component.html: {}
angularFrontend/src/app/login/login.component.html: {}
angularFrontend/src/app/events-page/events-page.component.html: {}
angularFrontend/src/app/newlanding/newlanding.component.html: {}
angularFrontend/src/app/events-page/events-page.component.html: {}
angularFrontend/src/app/events-page/events-page.component.ts: {}
angularFrontend/src/app/events-page/events-page.component.html: {}
angularFrontend/src/app/events-page/events-page.component.html: {}
angularFrontend/src/app/events-page/events-page.component.html: {}
angularFrontend/src/app/login/login.component.html: {}
angularFrontend/src/app/login/login.component.html: {}
angularFrontend/src/app/login/login.component.html: {}
angularFrontend/src/app/login/login.component.html: Using EditorConfig core...
angularFrontend/src/app/events-page/events-page.component.html: {}
