[2020-04-11 15:54:36.717] [sharedprocess] [info] main {"machineId":"4f23d28b6720c474555dd4a7680d8d6c454f07b2e786ce7b15ef2e899b5ae2af","windowId":2}
[2020-04-11 15:55:16.729] [sharedprocess] [info] Starting to clean up unused language packs.
[2020-04-11 15:56:45.504] [sharedprocess] [info] Installing extension: johnpapa.angular2
[2020-04-11 15:56:52.571] [sharedprocess] [info] Installing extension: johnpapa.angular-essentials
[2020-04-11 15:56:54.847] [sharedprocess] [info] Downloaded extension: johnpapa.angular2 /tmp/ee8dc7bb-bcd1-44f0-9348-3737347de03d
[2020-04-11 15:56:54.878] [sharedprocess] [info] Downloaded extension: johnpapa.angular-essentials /tmp/05958d43-8c85-4428-af24-7b596010f0a4
[2020-04-11 15:56:54.910] [sharedprocess] [info] Extracted extension to /home/sudhanshu/.vscode/extensions/.johnpapa.angular-essentials-9.0.1: johnpapa.angular-essentials
[2020-04-11 15:56:54.911] [sharedprocess] [info] Renamed to /home/sudhanshu/.vscode/extensions/johnpapa.angular-essentials-9.0.1
[2020-04-11 15:56:54.912] [sharedprocess] [info] Installation completed. johnpapa.angular-essentials
[2020-04-11 15:56:55.015] [sharedprocess] [info] Extracted extension to /home/sudhanshu/.vscode/extensions/.johnpapa.angular2-9.1.2: johnpapa.angular2
[2020-04-11 15:56:55.015] [sharedprocess] [info] Renamed to /home/sudhanshu/.vscode/extensions/johnpapa.angular2-9.1.2
[2020-04-11 15:56:55.016] [sharedprocess] [info] Installation completed. johnpapa.angular2
[2020-04-11 15:56:55.045] [sharedprocess] [info] Extensions installed successfully: johnpapa.angular2
[2020-04-11 15:56:55.357] [sharedprocess] [info] Installing extension: dbaeumer.vscode-eslint
[2020-04-11 15:56:55.357] [sharedprocess] [info] Installing extension: esbenp.prettier-vscode
[2020-04-11 15:56:55.358] [sharedprocess] [info] Installing extension: msjsdiag.debugger-for-chrome
[2020-04-11 15:56:55.358] [sharedprocess] [info] Installing extension: pkief.material-icon-theme
[2020-04-11 15:56:55.358] [sharedprocess] [info] Installing extension: eg2.vscode-npm-script
[2020-04-11 15:56:55.358] [sharedprocess] [info] Installing extension: editorconfig.editorconfig
[2020-04-11 15:56:55.358] [sharedprocess] [info] Installing extension: johnpapa.angular2
[2020-04-11 15:56:55.359] [sharedprocess] [info] Installing extension: angular.ng-template
[2020-04-11 15:56:55.359] [sharedprocess] [info] Installing extension: johnpapa.winteriscoming
[2020-04-11 15:56:55.359] [sharedprocess] [info] Installing extension: johnpapa.vscode-peacock
[2020-04-11 15:56:55.359] [sharedprocess] [info] Installing extension: nrwl.angular-console
[2020-04-11 15:56:55.359] [sharedprocess] [info] Installing extension: msjsdiag.debugger-for-edge
[2020-04-11 15:56:55.822] [sharedprocess] [info] Downloaded extension: johnpapa.angular2 /tmp/af4881ad-a56c-43cb-be38-0fad8e857ec3
[2020-04-11 15:56:55.893] [sharedprocess] [info] Extracted extension to /home/sudhanshu/.vscode/extensions/.johnpapa.angular2-9.1.2: johnpapa.angular2
[2020-04-11 15:56:55.893] [sharedprocess] [info] Renamed to /home/sudhanshu/.vscode/extensions/johnpapa.angular2-9.1.2
[2020-04-11 15:56:55.893] [sharedprocess] [info] Installation completed. johnpapa.angular2
[2020-04-11 15:56:55.923] [sharedprocess] [info] Extensions installed successfully: johnpapa.angular2
[2020-04-11 15:56:58.738] [sharedprocess] [info] Downloaded extension: johnpapa.vscode-peacock /tmp/827d53de-a1f8-4f5b-87f2-46aab40359a1
[2020-04-11 15:56:58.751] [sharedprocess] [info] Extracted extension to /home/sudhanshu/.vscode/extensions/.johnpapa.vscode-peacock-3.7.0: johnpapa.vscode-peacock
[2020-04-11 15:56:58.751] [sharedprocess] [info] Renamed to /home/sudhanshu/.vscode/extensions/johnpapa.vscode-peacock-3.7.0
[2020-04-11 15:56:58.751] [sharedprocess] [info] Installation completed. johnpapa.vscode-peacock
[2020-04-11 15:56:58.783] [sharedprocess] [info] Extensions installed successfully: johnpapa.vscode-peacock
[2020-04-11 15:57:01.577] [sharedprocess] [info] Downloaded extension: editorconfig.editorconfig /tmp/58c887c0-8a6b-42bf-b116-7e8e9db0be94
[2020-04-11 15:57:01.636] [sharedprocess] [info] Extracted extension to /home/sudhanshu/.vscode/extensions/.editorconfig.editorconfig-0.14.5: editorconfig.editorconfig
[2020-04-11 15:57:01.636] [sharedprocess] [info] Renamed to /home/sudhanshu/.vscode/extensions/editorconfig.editorconfig-0.14.5
[2020-04-11 15:57:01.637] [sharedprocess] [info] Installation completed. editorconfig.editorconfig
[2020-04-11 15:57:01.677] [sharedprocess] [info] Extensions installed successfully: editorconfig.editorconfig
[2020-04-11 15:57:03.788] [sharedprocess] [info] Downloaded extension: dbaeumer.vscode-eslint /tmp/91d2b8de-4e41-4870-90a9-2502bb2492b2
[2020-04-11 15:57:03.802] [sharedprocess] [info] Extracted extension to /home/sudhanshu/.vscode/extensions/.dbaeumer.vscode-eslint-2.1.2: dbaeumer.vscode-eslint
[2020-04-11 15:57:03.802] [sharedprocess] [info] Renamed to /home/sudhanshu/.vscode/extensions/dbaeumer.vscode-eslint-2.1.2
[2020-04-11 15:57:03.803] [sharedprocess] [info] Installation completed. dbaeumer.vscode-eslint
[2020-04-11 15:57:03.833] [sharedprocess] [info] Extensions installed successfully: dbaeumer.vscode-eslint
[2020-04-11 15:57:05.817] [sharedprocess] [info] Downloaded extension: eg2.vscode-npm-script /tmp/338d17e0-02d3-4642-ab21-6e18d24c4403
[2020-04-11 15:57:05.864] [sharedprocess] [info] Extracted extension to /home/sudhanshu/.vscode/extensions/.eg2.vscode-npm-script-0.3.11: eg2.vscode-npm-script
[2020-04-11 15:57:05.864] [sharedprocess] [info] Renamed to /home/sudhanshu/.vscode/extensions/eg2.vscode-npm-script-0.3.11
[2020-04-11 15:57:05.864] [sharedprocess] [info] Installation completed. eg2.vscode-npm-script
[2020-04-11 15:57:06.160] [sharedprocess] [info] Extensions installed successfully: eg2.vscode-npm-script
[2020-04-11 15:57:13.005] [sharedprocess] [info] Downloaded extension: pkief.material-icon-theme /tmp/3704b6fc-39c5-41d3-babe-54b2041bfa7e
[2020-04-11 15:57:13.441] [sharedprocess] [info] Extracted extension to /home/sudhanshu/.vscode/extensions/.pkief.material-icon-theme-4.0.1: pkief.material-icon-theme
[2020-04-11 15:57:13.441] [sharedprocess] [info] Renamed to /home/sudhanshu/.vscode/extensions/pkief.material-icon-theme-4.0.1
[2020-04-11 15:57:13.441] [sharedprocess] [info] Installation completed. pkief.material-icon-theme
[2020-04-11 15:57:13.479] [sharedprocess] [info] Extensions installed successfully: pkief.material-icon-theme
[2020-04-11 15:57:17.961] [sharedprocess] [info] Downloaded extension: johnpapa.winteriscoming /tmp/ab4fecc2-2e77-4b05-82a2-9cfcccd249d4
[2020-04-11 15:57:18.036] [sharedprocess] [info] Extracted extension to /home/sudhanshu/.vscode/extensions/.johnpapa.winteriscoming-1.4.1: johnpapa.winteriscoming
[2020-04-11 15:57:18.036] [sharedprocess] [info] Renamed to /home/sudhanshu/.vscode/extensions/johnpapa.winteriscoming-1.4.1
[2020-04-11 15:57:18.036] [sharedprocess] [info] Installation completed. johnpapa.winteriscoming
[2020-04-11 15:57:18.061] [sharedprocess] [info] Downloaded extension: msjsdiag.debugger-for-chrome /tmp/2e03da8c-05e3-418b-bb21-8422fddf5da5
[2020-04-11 15:57:18.095] [sharedprocess] [info] Extensions installed successfully: johnpapa.winteriscoming
[2020-04-11 15:57:18.562] [sharedprocess] [info] Extracted extension to /home/sudhanshu/.vscode/extensions/.msjsdiag.debugger-for-chrome-4.12.6: msjsdiag.debugger-for-chrome
[2020-04-11 15:57:18.562] [sharedprocess] [info] Renamed to /home/sudhanshu/.vscode/extensions/msjsdiag.debugger-for-chrome-4.12.6
[2020-04-11 15:57:18.564] [sharedprocess] [info] Installation completed. msjsdiag.debugger-for-chrome
[2020-04-11 15:57:18.611] [sharedprocess] [info] Extensions installed successfully: msjsdiag.debugger-for-chrome
[2020-04-11 15:57:20.386] [sharedprocess] [info] Installing extension: cyrilletuzi.angular-schematics
[2020-04-11 15:57:21.545] [sharedprocess] [info] Downloaded extension: msjsdiag.debugger-for-edge /tmp/2c795812-c32f-4694-a65b-6138e41fa77e
[2020-04-11 15:57:22.465] [sharedprocess] [info] Extracted extension to /home/sudhanshu/.vscode/extensions/.msjsdiag.debugger-for-edge-1.0.14: msjsdiag.debugger-for-edge
[2020-04-11 15:57:22.465] [sharedprocess] [info] Renamed to /home/sudhanshu/.vscode/extensions/msjsdiag.debugger-for-edge-1.0.14
[2020-04-11 15:57:22.466] [sharedprocess] [info] Installation completed. msjsdiag.debugger-for-edge
[2020-04-11 15:57:22.539] [sharedprocess] [info] Extensions installed successfully: msjsdiag.debugger-for-edge
[2020-04-11 15:57:24.710] [sharedprocess] [info] Downloaded extension: nrwl.angular-console /tmp/7fdc6f68-a22f-44e1-8282-b3b784bf28ab
[2020-04-11 15:57:24.774] [sharedprocess] [info] Downloaded extension: cyrilletuzi.angular-schematics /tmp/64d7b89f-ac9e-44d2-a19c-735a77b6336b
[2020-04-11 15:57:24.774] [sharedprocess] [info] Downloaded extension: esbenp.prettier-vscode /tmp/9126754f-7306-4f43-b497-492838702ebc
[2020-04-11 15:57:24.790] [sharedprocess] [info] Extracted extension to /home/sudhanshu/.vscode/extensions/.cyrilletuzi.angular-schematics-3.3.1: cyrilletuzi.angular-schematics
[2020-04-11 15:57:24.790] [sharedprocess] [info] Renamed to /home/sudhanshu/.vscode/extensions/cyrilletuzi.angular-schematics-3.3.1
[2020-04-11 15:57:24.791] [sharedprocess] [info] Installation completed. cyrilletuzi.angular-schematics
[2020-04-11 15:57:24.842] [sharedprocess] [info] Extracted extension to /home/sudhanshu/.vscode/extensions/.nrwl.angular-console-11.1.3: nrwl.angular-console
[2020-04-11 15:57:24.842] [sharedprocess] [info] Renamed to /home/sudhanshu/.vscode/extensions/nrwl.angular-console-11.1.3
[2020-04-11 15:57:24.843] [sharedprocess] [info] Installation completed. nrwl.angular-console
[2020-04-11 15:57:24.853] [sharedprocess] [info] Extensions installed successfully: cyrilletuzi.angular-schematics
[2020-04-11 15:57:24.912] [sharedprocess] [info] Extensions installed successfully: nrwl.angular-console
[2020-04-11 15:57:24.949] [sharedprocess] [info] Extracted extension to /home/sudhanshu/.vscode/extensions/.esbenp.prettier-vscode-4.2.0: esbenp.prettier-vscode
[2020-04-11 15:57:24.949] [sharedprocess] [info] Renamed to /home/sudhanshu/.vscode/extensions/esbenp.prettier-vscode-4.2.0
[2020-04-11 15:57:24.951] [sharedprocess] [info] Installation completed. esbenp.prettier-vscode
[2020-04-11 15:57:25.014] [sharedprocess] [info] Extensions installed successfully: esbenp.prettier-vscode
[2020-04-11 15:57:40.692] [sharedprocess] [info] Downloaded extension: angular.ng-template /tmp/d3b177d9-cef0-44d8-ac3f-220a47991f76
[2020-04-11 15:57:41.292] [sharedprocess] [info] Extracted extension to /home/sudhanshu/.vscode/extensions/.angular.ng-template-0.901.0: angular.ng-template
[2020-04-11 15:57:41.292] [sharedprocess] [info] Renamed to /home/sudhanshu/.vscode/extensions/angular.ng-template-0.901.0
[2020-04-11 15:57:41.293] [sharedprocess] [info] Installation completed. angular.ng-template
[2020-04-11 15:57:41.436] [sharedprocess] [info] Extensions installed successfully: angular.ng-template
[2020-04-11 15:57:41.439] [sharedprocess] [info] Extensions installed successfully: johnpapa.angular-essentials
