[2020-04-19 15:24:04.804] [exthost] [info] extension host started
[2020-04-19 15:24:04.992] [exthost] [info] ExtensionService#_doActivateExtension mechatroner.rainbow-csv {"startup":false,"extensionId":{"value":"mechatroner.rainbow-csv","_lower":"mechatroner.rainbow-csv"},"activationEvent":"onLanguage:plaintext"}
[2020-04-19 15:24:04.993] [exthost] [info] ExtensionService#loadCommonJSModule file:///home/sudhanshu/.vscode/extensions/mechatroner.rainbow-csv-1.7.0/extension
[2020-04-19 15:24:04.999] [exthost] [info] ExtensionService#_doActivateExtension vscode.emmet {"startup":false,"extensionId":{"value":"vscode.emmet","_lower":"vscode.emmet"},"activationEvent":"onLanguage:html"}
[2020-04-19 15:24:04.999] [exthost] [info] ExtensionService#loadCommonJSModule file:///usr/share/code/resources/app/extensions/emmet/dist/extension
[2020-04-19 15:24:05.016] [exthost] [info] ExtensionService#_doActivateExtension vscode.html-language-features {"startup":false,"extensionId":{"value":"vscode.html-language-features","_lower":"vscode.html-language-features"},"activationEvent":"onLanguage:html"}
[2020-04-19 15:24:05.016] [exthost] [info] ExtensionService#loadCommonJSModule file:///usr/share/code/resources/app/extensions/html-language-features/client/dist/htmlMain
[2020-04-19 15:24:05.066] [exthost] [info] ExtensionService#_doActivateExtension Angular.ng-template {"startup":false,"extensionId":{"value":"Angular.ng-template","_lower":"angular.ng-template"},"activationEvent":"onLanguage:html"}
[2020-04-19 15:24:05.066] [exthost] [info] ExtensionService#loadCommonJSModule file:///home/sudhanshu/.vscode/extensions/angular.ng-template-0.901.2/client
[2020-04-19 15:24:05.163] [exthost] [info] ExtensionService#_doActivateExtension vscode.debug-auto-launch {"startup":true,"extensionId":{"value":"vscode.debug-auto-launch","_lower":"vscode.debug-auto-launch"},"activationEvent":"*"}
[2020-04-19 15:24:05.163] [exthost] [info] ExtensionService#loadCommonJSModule file:///usr/share/code/resources/app/extensions/debug-auto-launch/dist/extension
[2020-04-19 15:24:05.165] [exthost] [info] ExtensionService#_doActivateExtension vscode.git {"startup":true,"extensionId":{"value":"vscode.git","_lower":"vscode.git"},"activationEvent":"*"}
[2020-04-19 15:24:05.165] [exthost] [info] ExtensionService#loadCommonJSModule file:///usr/share/code/resources/app/extensions/git/dist/main
[2020-04-19 15:24:05.181] [exthost] [info] ExtensionService#_doActivateExtension vscode.github-authentication {"startup":true,"extensionId":{"value":"vscode.github-authentication","_lower":"vscode.github-authentication"},"activationEvent":"*"}
[2020-04-19 15:24:05.181] [exthost] [info] ExtensionService#loadCommonJSModule file:///usr/share/code/resources/app/extensions/github-authentication/dist/extension.js
[2020-04-19 15:24:05.183] [exthost] [info] ExtensionService#_doActivateExtension vscode.merge-conflict {"startup":true,"extensionId":{"value":"vscode.merge-conflict","_lower":"vscode.merge-conflict"},"activationEvent":"*"}
[2020-04-19 15:24:05.183] [exthost] [info] ExtensionService#loadCommonJSModule file:///usr/share/code/resources/app/extensions/merge-conflict/dist/extension
[2020-04-19 15:24:05.185] [exthost] [info] ExtensionService#_doActivateExtension vscode.search-result {"startup":true,"extensionId":{"value":"vscode.search-result","_lower":"vscode.search-result"},"activationEvent":"*"}
[2020-04-19 15:24:05.186] [exthost] [info] ExtensionService#loadCommonJSModule file:///usr/share/code/resources/app/extensions/search-result/dist/extension.js
[2020-04-19 15:24:05.187] [exthost] [info] ExtensionService#_doActivateExtension vscode.vscode-account {"startup":true,"extensionId":{"value":"vscode.vscode-account","_lower":"vscode.vscode-account"},"activationEvent":"*"}
[2020-04-19 15:24:05.187] [exthost] [info] ExtensionService#loadCommonJSModule file:///usr/share/code/resources/app/extensions/vscode-account/dist/extension.js
[2020-04-19 15:24:05.189] [exthost] [info] ExtensionService#_doActivateExtension dbaeumer.vscode-eslint {"startup":true,"extensionId":{"value":"dbaeumer.vscode-eslint","_lower":"dbaeumer.vscode-eslint"},"activationEvent":"*"}
[2020-04-19 15:24:05.189] [exthost] [info] ExtensionService#loadCommonJSModule file:///home/sudhanshu/.vscode/extensions/dbaeumer.vscode-eslint-2.1.3/client/out/extension
[2020-04-19 15:24:05.194] [exthost] [info] ExtensionService#_doActivateExtension EditorConfig.EditorConfig {"startup":true,"extensionId":{"value":"EditorConfig.EditorConfig","_lower":"editorconfig.editorconfig"},"activationEvent":"*"}
[2020-04-19 15:24:05.194] [exthost] [info] ExtensionService#loadCommonJSModule file:///home/sudhanshu/.vscode/extensions/editorconfig.editorconfig-0.14.5/out/editorConfigMain.js
[2020-04-19 15:24:05.214] [exthost] [info] ExtensionService#_doActivateExtension esbenp.prettier-vscode {"startup":true,"extensionId":{"value":"esbenp.prettier-vscode","_lower":"esbenp.prettier-vscode"},"activationEvent":"*"}
[2020-04-19 15:24:05.214] [exthost] [info] ExtensionService#loadCommonJSModule file:///home/sudhanshu/.vscode/extensions/esbenp.prettier-vscode-4.4.0/dist/extension
[2020-04-19 15:24:05.352] [exthost] [info] ExtensionService#_doActivateExtension johnpapa.vscode-peacock {"startup":true,"extensionId":{"value":"johnpapa.vscode-peacock","_lower":"johnpapa.vscode-peacock"},"activationEvent":"*"}
[2020-04-19 15:24:05.352] [exthost] [info] ExtensionService#loadCommonJSModule file:///home/sudhanshu/.vscode/extensions/johnpapa.vscode-peacock-3.7.0/dist/extension
[2020-04-19 15:24:05.357] [exthost] [info] ExtensionService#_doActivateExtension nrwl.angular-console {"startup":true,"extensionId":{"value":"nrwl.angular-console","_lower":"nrwl.angular-console"},"activationEvent":"*"}
[2020-04-19 15:24:05.357] [exthost] [info] ExtensionService#loadCommonJSModule file:///home/sudhanshu/.vscode/extensions/nrwl.angular-console-11.1.3/main.js
[2020-04-19 15:24:05.578] [exthost] [info] ExtensionService#_doActivateExtension PKief.material-icon-theme {"startup":true,"extensionId":{"value":"PKief.material-icon-theme","_lower":"pkief.material-icon-theme"},"activationEvent":"*"}
[2020-04-19 15:24:05.578] [exthost] [info] ExtensionService#loadCommonJSModule file:///home/sudhanshu/.vscode/extensions/pkief.material-icon-theme-4.0.1/dist/extension
[2020-04-19 15:24:05.593] [exthost] [info] ExtensionService#_doActivateExtension vscode.npm {"startup":true,"extensionId":{"value":"vscode.npm","_lower":"vscode.npm"},"activationEvent":"workspaceContains:package.json"}
[2020-04-19 15:24:05.593] [exthost] [info] ExtensionService#loadCommonJSModule file:///usr/share/code/resources/app/extensions/npm/dist/main
[2020-04-19 15:24:06.425] [exthost] [info] ExtensionService#_doActivateExtension cyrilletuzi.angular-schematics {"startup":true,"extensionId":{"value":"cyrilletuzi.angular-schematics","_lower":"cyrilletuzi.angular-schematics"},"activationEvent":"workspaceContains:**/angular.json,**/.angular.json,**/angular-cli.json,**/.angular-cli.json"}
[2020-04-19 15:24:06.425] [exthost] [info] ExtensionService#loadCommonJSModule file:///home/sudhanshu/.vscode/extensions/cyrilletuzi.angular-schematics-4.0.3/dist/extension.js
[2020-04-19 15:24:06.551] [exthost] [info] eager extensions activated
[2020-04-19 16:19:20.567] [exthost] [info] ExtensionService#_doActivateExtension vscode.extension-editing {"startup":false,"extensionId":{"value":"vscode.extension-editing","_lower":"vscode.extension-editing"},"activationEvent":"onLanguage:typescript"}
[2020-04-19 16:19:20.567] [exthost] [info] ExtensionService#loadCommonJSModule file:///usr/share/code/resources/app/extensions/extension-editing/dist/extension
[2020-04-19 16:19:20.571] [exthost] [info] ExtensionService#_doActivateExtension vscode.typescript-language-features {"startup":false,"extensionId":{"value":"vscode.typescript-language-features","_lower":"vscode.typescript-language-features"},"activationEvent":"onLanguage:typescript"}
[2020-04-19 16:19:20.571] [exthost] [info] ExtensionService#loadCommonJSModule file:///usr/share/code/resources/app/extensions/typescript-language-features/dist/extension
[2020-04-19 16:19:24.953] [exthost] [info] ExtensionService#_doActivateExtension vscode.configuration-editing {"startup":false,"extensionId":{"value":"vscode.configuration-editing","_lower":"vscode.configuration-editing"},"activationEvent":"onLanguage:jsonc"}
[2020-04-19 16:19:24.953] [exthost] [info] ExtensionService#loadCommonJSModule file:///usr/share/code/resources/app/extensions/configuration-editing/dist/extension
[2020-04-19 16:19:24.955] [exthost] [info] ExtensionService#_doActivateExtension vscode.json-language-features {"startup":false,"extensionId":{"value":"vscode.json-language-features","_lower":"vscode.json-language-features"},"activationEvent":"onLanguage:jsonc"}
[2020-04-19 16:19:24.955] [exthost] [info] ExtensionService#loadCommonJSModule file:///usr/share/code/resources/app/extensions/json-language-features/client/dist/jsonMain
