[2020-04-11 18:47:23.625] [exthost] [info] extension host started
[2020-04-11 18:47:23.637] [exthost] [info] ExtensionService#_doActivateExtension mechatroner.rainbow-csv {"startup":false,"extensionId":{"value":"mechatroner.rainbow-csv","_lower":"mechatroner.rainbow-csv"},"activationEvent":"onLanguage:plaintext"}
[2020-04-11 18:47:23.637] [exthost] [info] ExtensionService#loadCommonJSModule file:///home/sudhanshu/.vscode/extensions/mechatroner.rainbow-csv-1.6.0/extension
[2020-04-11 18:47:23.642] [exthost] [info] ExtensionService#_doActivateExtension vscode.configuration-editing {"startup":false,"extensionId":{"value":"vscode.configuration-editing","_lower":"vscode.configuration-editing"},"activationEvent":"onLanguage:json"}
[2020-04-11 18:47:23.642] [exthost] [info] ExtensionService#loadCommonJSModule file:///usr/share/code/resources/app/extensions/configuration-editing/dist/extension
[2020-04-11 18:47:23.798] [exthost] [info] ExtensionService#_doActivateExtension vscode.extension-editing {"startup":false,"extensionId":{"value":"vscode.extension-editing","_lower":"vscode.extension-editing"},"activationEvent":"onLanguage:json"}
[2020-04-11 18:47:23.798] [exthost] [info] ExtensionService#loadCommonJSModule file:///usr/share/code/resources/app/extensions/extension-editing/dist/extension
[2020-04-11 18:47:23.964] [exthost] [info] ExtensionService#_doActivateExtension vscode.json-language-features {"startup":false,"extensionId":{"value":"vscode.json-language-features","_lower":"vscode.json-language-features"},"activationEvent":"onLanguage:json"}
[2020-04-11 18:47:23.964] [exthost] [info] ExtensionService#loadCommonJSModule file:///usr/share/code/resources/app/extensions/json-language-features/client/dist/jsonMain
[2020-04-11 18:47:24.147] [exthost] [info] ExtensionService#_doActivateExtension vscode.npm {"startup":false,"extensionId":{"value":"vscode.npm","_lower":"vscode.npm"},"activationEvent":"onLanguage:json"}
[2020-04-11 18:47:24.148] [exthost] [info] ExtensionService#loadCommonJSModule file:///usr/share/code/resources/app/extensions/npm/dist/main
[2020-04-11 18:47:24.183] [exthost] [info] ExtensionService#_doActivateExtension vscode.typescript-language-features {"startup":false,"extensionId":{"value":"vscode.typescript-language-features","_lower":"vscode.typescript-language-features"},"activationEvent":"onLanguage:typescript"}
[2020-04-11 18:47:24.183] [exthost] [info] ExtensionService#loadCommonJSModule file:///usr/share/code/resources/app/extensions/typescript-language-features/dist/extension
[2020-04-11 18:47:24.229] [exthost] [info] ExtensionService#_doActivateExtension vscode.debug-auto-launch {"startup":true,"extensionId":{"value":"vscode.debug-auto-launch","_lower":"vscode.debug-auto-launch"},"activationEvent":"*"}
[2020-04-11 18:47:24.229] [exthost] [info] ExtensionService#loadCommonJSModule file:///usr/share/code/resources/app/extensions/debug-auto-launch/dist/extension
[2020-04-11 18:47:24.231] [exthost] [info] ExtensionService#_doActivateExtension vscode.emmet {"startup":true,"extensionId":{"value":"vscode.emmet","_lower":"vscode.emmet"},"activationEvent":"*"}
[2020-04-11 18:47:24.231] [exthost] [info] ExtensionService#loadCommonJSModule file:///usr/share/code/resources/app/extensions/emmet/dist/extension
[2020-04-11 18:47:24.244] [exthost] [info] ExtensionService#_doActivateExtension vscode.git {"startup":true,"extensionId":{"value":"vscode.git","_lower":"vscode.git"},"activationEvent":"*"}
[2020-04-11 18:47:24.244] [exthost] [info] ExtensionService#loadCommonJSModule file:///usr/share/code/resources/app/extensions/git/dist/main
[2020-04-11 18:47:24.268] [exthost] [info] ExtensionService#_doActivateExtension vscode.github-authentication {"startup":true,"extensionId":{"value":"vscode.github-authentication","_lower":"vscode.github-authentication"},"activationEvent":"*"}
[2020-04-11 18:47:24.268] [exthost] [info] ExtensionService#loadCommonJSModule file:///usr/share/code/resources/app/extensions/github-authentication/dist/extension.js
[2020-04-11 18:47:24.270] [exthost] [info] ExtensionService#_doActivateExtension vscode.merge-conflict {"startup":true,"extensionId":{"value":"vscode.merge-conflict","_lower":"vscode.merge-conflict"},"activationEvent":"*"}
[2020-04-11 18:47:24.271] [exthost] [info] ExtensionService#loadCommonJSModule file:///usr/share/code/resources/app/extensions/merge-conflict/dist/extension
[2020-04-11 18:47:24.274] [exthost] [info] ExtensionService#_doActivateExtension vscode.search-result {"startup":true,"extensionId":{"value":"vscode.search-result","_lower":"vscode.search-result"},"activationEvent":"*"}
[2020-04-11 18:47:24.274] [exthost] [info] ExtensionService#loadCommonJSModule file:///usr/share/code/resources/app/extensions/search-result/dist/extension.js
[2020-04-11 18:47:24.275] [exthost] [info] ExtensionService#_doActivateExtension vscode.vscode-account {"startup":true,"extensionId":{"value":"vscode.vscode-account","_lower":"vscode.vscode-account"},"activationEvent":"*"}
[2020-04-11 18:47:24.275] [exthost] [info] ExtensionService#loadCommonJSModule file:///usr/share/code/resources/app/extensions/vscode-account/dist/extension.js
[2020-04-11 18:47:24.480] [exthost] [info] eager extensions activated
[2020-04-11 18:56:07.049] [exthost] [info] ExtensionService#_doActivateExtension vscode.html-language-features {"startup":false,"extensionId":{"value":"vscode.html-language-features","_lower":"vscode.html-language-features"},"activationEvent":"onLanguage:html"}
[2020-04-11 18:56:07.049] [exthost] [info] ExtensionService#loadCommonJSModule file:///usr/share/code/resources/app/extensions/html-language-features/client/dist/htmlMain
[2020-04-11 19:05:22.417] [exthost] [info] [vscode.typescript-language-features] UNSAVE result from 'resolveCompletionItem', extension SHOULD NOT change any of: additionalTextEdits, or command
[2020-04-11 19:06:04.358] [exthost] [error] [vscode.typescript-language-features] provider FAILED
[2020-04-11 19:06:04.359] [exthost] [error] Error: busy
	at o._provideSemanticTokens (/usr/share/code/resources/app/extensions/typescript-language-features/dist/extension.js:1:180337)
[2020-04-11 19:06:04.680] [exthost] [error] [vscode.typescript-language-features] provider FAILED
[2020-04-11 19:06:04.680] [exthost] [error] Error: busy
	at o._provideSemanticTokens (/usr/share/code/resources/app/extensions/typescript-language-features/dist/extension.js:1:180337)
[2020-04-11 19:06:04.949] [exthost] [error] [vscode.typescript-language-features] provider FAILED
[2020-04-11 19:06:04.949] [exthost] [error] Error: busy
	at o._provideSemanticTokens (/usr/share/code/resources/app/extensions/typescript-language-features/dist/extension.js:1:180337)
[2020-04-11 19:06:05.281] [exthost] [error] [vscode.typescript-language-features] provider FAILED
[2020-04-11 19:06:05.281] [exthost] [error] Error: busy
	at o._provideSemanticTokens (/usr/share/code/resources/app/extensions/typescript-language-features/dist/extension.js:1:180337)
[2020-04-11 19:06:50.683] [exthost] [error] [vscode.typescript-language-features] provider FAILED
[2020-04-11 19:06:50.683] [exthost] [error] Error: busy
	at o._provideSemanticTokens (/usr/share/code/resources/app/extensions/typescript-language-features/dist/extension.js:1:180337)
[2020-04-11 19:07:51.414] [exthost] [error] [vscode.typescript-language-features] provider FAILED
[2020-04-11 19:07:51.414] [exthost] [error] Error: busy
	at o._provideSemanticTokens (/usr/share/code/resources/app/extensions/typescript-language-features/dist/extension.js:1:180337)
[2020-04-11 19:11:39.820] [exthost] [error] [vscode.typescript-language-features] provider FAILED
[2020-04-11 19:11:39.820] [exthost] [error] Error: busy
	at o._provideSemanticTokens (/usr/share/code/resources/app/extensions/typescript-language-features/dist/extension.js:1:180337)
[2020-04-11 19:13:15.784] [exthost] [error] [vscode.typescript-language-features] provider FAILED
[2020-04-11 19:13:15.786] [exthost] [error] Error: <semantic> TypeScript Server Error (3.8.3)
Cannot read property 'emitNode' of undefined
TypeError: Cannot read property 'emitNode' of undefined
    at Object.getStartsOnNewLine (tsserver.js:71085:29)
    at shouldWriteSeparatingLineTerminator (tsserver.js:95873:27)
    at emitNodeList (tsserver.js:95658:29)
    at emitList (tsserver.js:95555:13)
    at Object.writeList (tsserver.js:92891:13)
    at tsserver.js:119315:29
    at Object.mapToDisplayParts (tsserver.js:107201:13)
    at itemInfoForParameters (tsserver.js:119312:41)
    at getSignatureHelpItem (tsserver.js:119278:95)
    at tsserver.js:119251:79
    at Array.map (<anonymous>)
    at createSignatureHelpItems (tsserver.js:119251:36)
    at tsserver.js:118843:23
    at Object.runWithCancellationToken (tsserver.js:34552:28)
    at Object.getSignatureHelpItems (tsserver.js:118841:32)
    at Proxy.getSignatureHelpItems (tsserver.js:135509:37)
    at IOSession.Session.getSignatureHelpItems (tsserver.js:145510:62)
    at Session.handlers.ts.createMapFromTemplate._a.<computed> (tsserver.js:144404:61)
    at tsserver.js:146003:88
    at IOSession.Session.executeWithRequestId (tsserver.js:145994:28)
    at IOSession.Session.executeCommand (tsserver.js:146003:33)
    at IOSession.Session.onMessage (tsserver.js:146027:35)
    at Interface.<anonymous> (tsserver.js:147342:27)
    at Interface.emit (events.js:203:13)
    at Interface._onLine (readline.js:316:10)
    at Interface._normalWrite (readline.js:461:12)
    at Socket.ondata (readline.js:172:10)
    at Socket.emit (events.js:203:13)
    at addChunk (_stream_readable.js:295:12)
    at readableAddChunk (_stream_readable.js:276:11)
    at Socket.Readable.push (_stream_readable.js:210:10)
    at Pipe.onStreamRead (internal/stream_base_commons.js:166:17)
	at Function.create (/usr/share/code/resources/app/extensions/typescript-language-features/dist/extension.js:1:49958)
	at h.dispatchResponse (/usr/share/code/resources/app/extensions/typescript-language-features/dist/extension.js:1:216914)
	at h.dispatchMessage (/usr/share/code/resources/app/extensions/typescript-language-features/dist/extension.js:1:215832)
	at /usr/share/code/resources/app/extensions/typescript-language-features/dist/extension.js:1:215308
	at l.fire (/usr/share/code/resources/app/out/vs/workbench/services/extensions/node/extensionHostProcess.js:48:845)
	at t.Reader.onLengthData (/usr/share/code/resources/app/extensions/typescript-language-features/dist/extension.js:1:223870)
	at Socket.<anonymous> (/usr/share/code/resources/app/extensions/typescript-language-features/dist/extension.js:1:223518)
	at Socket.emit (events.js:203:13)
	at addChunk (_stream_readable.js:295:12)
	at readableAddChunk (_stream_readable.js:276:11)
	at Socket.Readable.push (_stream_readable.js:210:10)
	at Pipe.onStreamRead (internal/stream_base_commons.js:166:17)
[2020-04-11 19:14:14.145] [exthost] [error] [vscode.typescript-language-features] provider FAILED
[2020-04-11 19:14:14.145] [exthost] [error] Error: busy
	at o._provideSemanticTokens (/usr/share/code/resources/app/extensions/typescript-language-features/dist/extension.js:1:180337)
[2020-04-11 19:14:48.980] [exthost] [error] [vscode.typescript-language-features] provider FAILED
[2020-04-11 19:14:48.980] [exthost] [error] Error: busy
	at o._provideSemanticTokens (/usr/share/code/resources/app/extensions/typescript-language-features/dist/extension.js:1:180337)
[2020-04-11 19:15:23.901] [exthost] [error] [vscode.typescript-language-features] provider FAILED
[2020-04-11 19:15:23.901] [exthost] [error] Error: busy
	at o._provideSemanticTokens (/usr/share/code/resources/app/extensions/typescript-language-features/dist/extension.js:1:180337)
[2020-04-11 19:15:25.627] [exthost] [error] [vscode.typescript-language-features] provider FAILED
[2020-04-11 19:15:25.627] [exthost] [error] Error: busy
	at o._provideSemanticTokens (/usr/share/code/resources/app/extensions/typescript-language-features/dist/extension.js:1:180337)
[2020-04-11 19:15:26.013] [exthost] [error] [vscode.typescript-language-features] provider FAILED
[2020-04-11 19:15:26.013] [exthost] [error] Error: busy
	at o._provideSemanticTokens (/usr/share/code/resources/app/extensions/typescript-language-features/dist/extension.js:1:180337)
[2020-04-11 19:16:16.171] [exthost] [error] [vscode.typescript-language-features] provider FAILED
[2020-04-11 19:16:16.171] [exthost] [error] Error: busy
	at o._provideSemanticTokens (/usr/share/code/resources/app/extensions/typescript-language-features/dist/extension.js:1:180337)
[2020-04-11 19:16:16.493] [exthost] [error] [vscode.typescript-language-features] provider FAILED
[2020-04-11 19:16:16.493] [exthost] [error] Error: busy
	at o._provideSemanticTokens (/usr/share/code/resources/app/extensions/typescript-language-features/dist/extension.js:1:180337)
[2020-04-11 19:16:17.191] [exthost] [error] [vscode.typescript-language-features] provider FAILED
[2020-04-11 19:16:17.191] [exthost] [error] Error: busy
	at o._provideSemanticTokens (/usr/share/code/resources/app/extensions/typescript-language-features/dist/extension.js:1:180337)
[2020-04-11 19:17:10.854] [exthost] [error] [vscode.typescript-language-features] provider FAILED
[2020-04-11 19:17:10.854] [exthost] [error] Error: busy
	at o._provideSemanticTokens (/usr/share/code/resources/app/extensions/typescript-language-features/dist/extension.js:1:180337)
[2020-04-11 19:20:25.970] [exthost] [error] [vscode.typescript-language-features] provider FAILED
[2020-04-11 19:20:25.970] [exthost] [error] Error: busy
	at o._provideSemanticTokens (/usr/share/code/resources/app/extensions/typescript-language-features/dist/extension.js:1:180337)
[2020-04-11 19:20:41.786] [exthost] [error] [vscode.typescript-language-features] provider FAILED
[2020-04-11 19:20:41.786] [exthost] [error] Error: busy
	at o._provideSemanticTokens (/usr/share/code/resources/app/extensions/typescript-language-features/dist/extension.js:1:180337)
[2020-04-11 19:22:03.477] [exthost] [error] [vscode.typescript-language-features] provider FAILED
[2020-04-11 19:22:03.477] [exthost] [error] Error: busy
	at o._provideSemanticTokens (/usr/share/code/resources/app/extensions/typescript-language-features/dist/extension.js:1:180337)
[2020-04-11 19:22:04.643] [exthost] [error] [vscode.typescript-language-features] provider FAILED
[2020-04-11 19:22:04.643] [exthost] [error] Error: busy
	at o._provideSemanticTokens (/usr/share/code/resources/app/extensions/typescript-language-features/dist/extension.js:1:180337)
[2020-04-11 19:22:06.010] [exthost] [error] [vscode.typescript-language-features] provider FAILED
[2020-04-11 19:22:06.010] [exthost] [error] Error: busy
	at o._provideSemanticTokens (/usr/share/code/resources/app/extensions/typescript-language-features/dist/extension.js:1:180337)
[2020-04-11 19:22:10.569] [exthost] [error] [vscode.typescript-language-features] provider FAILED
[2020-04-11 19:22:10.569] [exthost] [error] Error: busy
	at o._provideSemanticTokens (/usr/share/code/resources/app/extensions/typescript-language-features/dist/extension.js:1:180337)
[2020-04-11 19:22:16.157] [exthost] [error] [vscode.typescript-language-features] provider FAILED
[2020-04-11 19:22:16.157] [exthost] [error] Error: busy
	at o._provideSemanticTokens (/usr/share/code/resources/app/extensions/typescript-language-features/dist/extension.js:1:180337)
[2020-04-11 19:22:50.874] [exthost] [error] [vscode.typescript-language-features] provider FAILED
[2020-04-11 19:22:50.875] [exthost] [error] Error: busy
	at o._provideSemanticTokens (/usr/share/code/resources/app/extensions/typescript-language-features/dist/extension.js:1:180337)
[2020-04-11 19:23:16.028] [exthost] [error] [vscode.typescript-language-features] provider FAILED
[2020-04-11 19:23:16.029] [exthost] [error] Error: busy
	at o._provideSemanticTokens (/usr/share/code/resources/app/extensions/typescript-language-features/dist/extension.js:1:180337)
[2020-04-11 19:24:12.975] [exthost] [error] [vscode.typescript-language-features] provider FAILED
[2020-04-11 19:24:12.975] [exthost] [error] Error: busy
	at o._provideSemanticTokens (/usr/share/code/resources/app/extensions/typescript-language-features/dist/extension.js:1:180337)
[2020-04-11 19:24:23.308] [exthost] [error] [vscode.typescript-language-features] provider FAILED
[2020-04-11 19:24:23.308] [exthost] [error] Error: <semantic> TypeScript Server Error (3.8.3)
this.fileExistsWithCache is not a function
TypeError: this.fileExistsWithCache is not a function
    at Object.Project.fileExists (tsserver.js:139306:29)
    at Object.ConfiguredProject.fileExists (tsserver.js:140487:49)
    at tryGetModuleNameAsNodeModule (tsserver.js:102423:43)
    at tsserver.js:102244:88
    at Object.mapDefined (tsserver.js:562:30)
    at Object.getModuleSpecifiers (tsserver.js:102244:29)
    at getSpecifierForModuleSymbol (tsserver.js:38529:62)
    at tsserver.js:38395:39
    at Array.map (<anonymous>)
    at getSymbolChain (tsserver.js:38393:58)
    at lookupSymbolChainWorker (tsserver.js:38377:52)
    at lookupSymbolChain (tsserver.js:38370:24)
    at symbolToTypeNode (tsserver.js:38536:29)
    at typeToTypeNodeHelper (tsserver.js:37786:27)
    at symbolToParameterDeclaration (tsserver.js:38326:41)
    at tsserver.js:38274:101
    at Array.map (<anonymous>)
    at signatureToSignatureDeclarationHelper (tsserver.js:38274:67)
    at createTypeNodeFromObjectType (tsserver.js:37948:49)
    at createAnonymousTypeNode (tsserver.js:37889:32)
    at typeToTypeNodeHelper (tsserver.js:37809:28)
    at tsserver.js:37598:106
    at withContext (tsserver.js:37643:37)
    at Object.typeToTypeNode (tsserver.js:37598:28)
    at Object.getTypeNodeIfAccessible (tsserver.js:107545:27)
    at annotate (tsserver.js:125508:31)
    at annotateVariableDeclaration (tsserver.js:125444:17)
    at doChange (tsserver.js:125374:25)
    at tsserver.js:125313:109
    at Function.ChangeTracker.with (tsserver.js:123413:17)
    at Object.getCodeActions (tsserver.js:125313:64)
    at tsserver.js:124540:77
    at Object.flatMap (tsserver.js:465:25)
    at Object.getFixes (tsserver.js:124540:23)
    at tsserver.js:135666:35
    at Object.flatMap (tsserver.js:465:25)
    at Proxy.getCodeFixesAtPosition (tsserver.js:135664:23)
    at IOSession.Session.getCodeFixes (tsserver.js:145753:64)
    at Session.handlers.ts.createMapFromTemplate._a.<computed> (tsserver.js:144510:61)
    at tsserver.js:146003:88
    at IOSession.Session.executeWithRequestId (tsserver.js:145994:28)
    at IOSession.Session.executeCommand (tsserver.js:146003:33)
    at IOSession.Session.onMessage (tsserver.js:146027:35)
    at Interface.<anonymous> (tsserver.js:147342:27)
    at Interface.emit (events.js:203:13)
    at Interface._onLine (readline.js:316:10)
    at Interface._normalWrite (readline.js:461:12)
    at Socket.ondata (readline.js:172:10)
    at Socket.emit (events.js:203:13)
    at addChunk (_stream_readable.js:295:12)
    at readableAddChunk (_stream_readable.js:276:11)
    at Socket.Readable.push (_stream_readable.js:210:10)
    at Pipe.onStreamRead (internal/stream_base_commons.js:166:17)
	at Function.create (/usr/share/code/resources/app/extensions/typescript-language-features/dist/extension.js:1:49958)
	at h.dispatchResponse (/usr/share/code/resources/app/extensions/typescript-language-features/dist/extension.js:1:216914)
	at h.dispatchMessage (/usr/share/code/resources/app/extensions/typescript-language-features/dist/extension.js:1:215832)
	at /usr/share/code/resources/app/extensions/typescript-language-features/dist/extension.js:1:215308
	at l.fire (/usr/share/code/resources/app/out/vs/workbench/services/extensions/node/extensionHostProcess.js:48:845)
	at t.Reader.onLengthData (/usr/share/code/resources/app/extensions/typescript-language-features/dist/extension.js:1:223870)
	at Socket.<anonymous> (/usr/share/code/resources/app/extensions/typescript-language-features/dist/extension.js:1:223518)
	at Socket.emit (events.js:203:13)
	at addChunk (_stream_readable.js:295:12)
	at readableAddChunk (_stream_readable.js:276:11)
	at Socket.Readable.push (_stream_readable.js:210:10)
	at Pipe.onStreamRead (internal/stream_base_commons.js:166:17)
[2020-04-11 19:24:51.606] [exthost] [error] [vscode.typescript-language-features] provider FAILED
[2020-04-11 19:24:51.606] [exthost] [error] Error: <semantic> TypeScript Server Error (3.8.3)
this.fileExistsWithCache is not a function
TypeError: this.fileExistsWithCache is not a function
    at Object.Project.fileExists (tsserver.js:139306:29)
    at Object.ConfiguredProject.fileExists (tsserver.js:140487:49)
    at tryGetModuleNameAsNodeModule (tsserver.js:102423:43)
    at tsserver.js:102244:88
    at Object.mapDefined (tsserver.js:562:30)
    at Object.getModuleSpecifiers (tsserver.js:102244:29)
    at getSpecifierForModuleSymbol (tsserver.js:38529:62)
    at tsserver.js:38395:39
    at Array.map (<anonymous>)
    at getSymbolChain (tsserver.js:38393:58)
    at lookupSymbolChainWorker (tsserver.js:38377:52)
    at lookupSymbolChain (tsserver.js:38370:24)
    at symbolToTypeNode (tsserver.js:38536:29)
    at typeToTypeNodeHelper (tsserver.js:37786:27)
    at symbolToParameterDeclaration (tsserver.js:38326:41)
    at tsserver.js:38274:101
    at Array.map (<anonymous>)
    at signatureToSignatureDeclarationHelper (tsserver.js:38274:67)
    at createTypeNodeFromObjectType (tsserver.js:37948:49)
    at createAnonymousTypeNode (tsserver.js:37889:32)
    at typeToTypeNodeHelper (tsserver.js:37809:28)
    at tsserver.js:37598:106
    at withContext (tsserver.js:37643:37)
    at Object.typeToTypeNode (tsserver.js:37598:28)
    at Object.getTypeNodeIfAccessible (tsserver.js:107545:27)
    at annotate (tsserver.js:125508:31)
    at annotateVariableDeclaration (tsserver.js:125444:17)
    at doChange (tsserver.js:125374:25)
    at tsserver.js:125313:109
    at Function.ChangeTracker.with (tsserver.js:123413:17)
    at Object.getCodeActions (tsserver.js:125313:64)
    at tsserver.js:124540:77
    at Object.flatMap (tsserver.js:465:25)
    at Object.getFixes (tsserver.js:124540:23)
    at tsserver.js:135666:35
    at Object.flatMap (tsserver.js:465:25)
    at Proxy.getCodeFixesAtPosition (tsserver.js:135664:23)
    at IOSession.Session.getCodeFixes (tsserver.js:145753:64)
    at Session.handlers.ts.createMapFromTemplate._a.<computed> (tsserver.js:144510:61)
    at tsserver.js:146003:88
    at IOSession.Session.executeWithRequestId (tsserver.js:145994:28)
    at IOSession.Session.executeCommand (tsserver.js:146003:33)
    at IOSession.Session.onMessage (tsserver.js:146027:35)
    at Interface.<anonymous> (tsserver.js:147342:27)
    at Interface.emit (events.js:203:13)
    at Interface._onLine (readline.js:316:10)
    at Interface._normalWrite (readline.js:461:12)
    at Socket.ondata (readline.js:172:10)
    at Socket.emit (events.js:203:13)
    at addChunk (_stream_readable.js:295:12)
    at readableAddChunk (_stream_readable.js:276:11)
    at Socket.Readable.push (_stream_readable.js:210:10)
    at Pipe.onStreamRead (internal/stream_base_commons.js:166:17)
	at Function.create (/usr/share/code/resources/app/extensions/typescript-language-features/dist/extension.js:1:49958)
	at h.dispatchResponse (/usr/share/code/resources/app/extensions/typescript-language-features/dist/extension.js:1:216914)
	at h.dispatchMessage (/usr/share/code/resources/app/extensions/typescript-language-features/dist/extension.js:1:215832)
	at /usr/share/code/resources/app/extensions/typescript-language-features/dist/extension.js:1:215308
	at l.fire (/usr/share/code/resources/app/out/vs/workbench/services/extensions/node/extensionHostProcess.js:48:845)
	at t.Reader.onLengthData (/usr/share/code/resources/app/extensions/typescript-language-features/dist/extension.js:1:223870)
	at Socket.<anonymous> (/usr/share/code/resources/app/extensions/typescript-language-features/dist/extension.js:1:223518)
	at Socket.emit (events.js:203:13)
	at addChunk (_stream_readable.js:295:12)
	at readableAddChunk (_stream_readable.js:276:11)
	at Socket.Readable.push (_stream_readable.js:210:10)
	at Pipe.onStreamRead (internal/stream_base_commons.js:166:17)
[2020-04-11 19:25:44.604] [exthost] [error] [vscode.typescript-language-features] provider FAILED
[2020-04-11 19:25:44.604] [exthost] [error] Error: busy
	at o._provideSemanticTokens (/usr/share/code/resources/app/extensions/typescript-language-features/dist/extension.js:1:180337)
[2020-04-11 19:26:17.037] [exthost] [error] [vscode.typescript-language-features] provider FAILED
[2020-04-11 19:26:17.038] [exthost] [error] Error: busy
	at o._provideSemanticTokens (/usr/share/code/resources/app/extensions/typescript-language-features/dist/extension.js:1:180337)
[2020-04-11 19:26:43.989] [exthost] [error] [vscode.typescript-language-features] provider FAILED
[2020-04-11 19:26:43.989] [exthost] [error] Error: busy
	at o._provideSemanticTokens (/usr/share/code/resources/app/extensions/typescript-language-features/dist/extension.js:1:180337)
[2020-04-11 19:27:20.833] [exthost] [error] [vscode.typescript-language-features] provider FAILED
[2020-04-11 19:27:20.834] [exthost] [error] Error: busy
	at o._provideSemanticTokens (/usr/share/code/resources/app/extensions/typescript-language-features/dist/extension.js:1:180337)
[2020-04-11 19:27:35.092] [exthost] [error] [vscode.typescript-language-features] provider FAILED
[2020-04-11 19:27:35.092] [exthost] [error] Error: busy
	at o._provideSemanticTokens (/usr/share/code/resources/app/extensions/typescript-language-features/dist/extension.js:1:180337)
[2020-04-11 19:27:52.972] [exthost] [error] [vscode.typescript-language-features] provider FAILED
[2020-04-11 19:27:52.972] [exthost] [error] Error: busy
	at o._provideSemanticTokens (/usr/share/code/resources/app/extensions/typescript-language-features/dist/extension.js:1:180337)
