Looking for git in: git
Using git 2.17.1 from git
> git rev-parse --show-toplevel
> git rev-parse --git-dir
Open repository: /home/sudhanshu/Desktop/E-CELL/Assignment For Interview/angularFrontend
> git status -z -u
> git symbolic-ref --short HEAD
> git rev-parse master
> git rev-parse --symbolic-full-name master@{u}
fatal: no upstream configured for branch 'master'
> git for-each-ref --format %(refname) %(objectname) --sort -committerdate
> git remote --verbose
> git config --get commit.template
> git show :src/app/app-routing.module.ts
> git ls-files --stage -- /home/sudhanshu/Desktop/E-CELL/Assignment For Interview/angularFrontend/src/app/app-routing.module.ts
> git cat-file -s 7af17af9f8b277a6987a5b8bb307adcfec5e2a21
> git check-ignore -v -z --stdin
> git status -z -u
> git symbolic-ref --short HEAD
> git rev-parse master
> git rev-parse --symbolic-full-name master@{u}
fatal: no upstream configured for branch 'master'
> git for-each-ref --format %(refname) %(objectname) --sort -committerdate
> git remote --verbose
> git config --get commit.template
> git status -z -u
> git symbolic-ref --short HEAD
> git rev-parse master
> git rev-parse --symbolic-full-name master@{u}
fatal: no upstream configured for branch 'master'
> git for-each-ref --format %(refname) %(objectname) --sort -committerdate
> git remote --verbose
> git config --get commit.template
> git status -z -u
> git symbolic-ref --short HEAD
> git rev-parse master
> git rev-parse --symbolic-full-name master@{u}
fatal: no upstream configured for branch 'master'
> git for-each-ref --format %(refname) %(objectname) --sort -committerdate
> git remote --verbose
> git config --get commit.template
> git status -z -u
> git symbolic-ref --short HEAD
> git rev-parse master
> git rev-parse --symbolic-full-name master@{u}
fatal: no upstream configured for branch 'master'
> git for-each-ref --format %(refname) %(objectname) --sort -committerdate
> git remote --verbose
> git config --get commit.template
> git status -z -u
> git symbolic-ref --short HEAD
> git rev-parse master
> git rev-parse --symbolic-full-name master@{u}
fatal: no upstream configured for branch 'master'
> git for-each-ref --format %(refname) %(objectname) --sort -committerdate
> git remote --verbose
> git config --get commit.template
> git check-ignore -v -z --stdin
> git show :src/app/app.module.ts
> git ls-files --stage -- /home/sudhanshu/Desktop/E-CELL/Assignment For Interview/angularFrontend/src/app/app.module.ts
> git cat-file -s 9f6a6485abf33c019ef2c4395ef556139c3f0f74
> git show :src/app/app-routing.module.ts
> git ls-files --stage -- /home/sudhanshu/Desktop/E-CELL/Assignment For Interview/angularFrontend/src/app/app-routing.module.ts
> git cat-file -s 7af17af9f8b277a6987a5b8bb307adcfec5e2a21
> git show :src/app/app.module.ts
> git ls-files --stage -- /home/sudhanshu/Desktop/E-CELL/Assignment For Interview/angularFrontend/src/app/app.module.ts
> git cat-file -s 9f6a6485abf33c019ef2c4395ef556139c3f0f74
> git show HEAD:src/app/app.module.ts
> git ls-tree -l HEAD -- /home/sudhanshu/Desktop/E-CELL/Assignment For Interview/angularFrontend/src/app/app.module.ts
> git hash-object --stdin -w --path src/app/app.module.ts
> git show -s --format=%H%n%aN%n%aE%n%at%n%ct%n%P%n%B -z HEAD
> git ls-tree -l HEAD -- src/app/app.module.ts
> git update-index  --cacheinfo 100644 74a9de1d5e6d0d7484e69a1b8ba296f0249c5966
 src/app/app.module.ts
> git hash-object --stdin -w --path src/app/app.module.ts
Ignoring path 
> git status -z -u
> git show -s --format=%H%n%aN%n%aE%n%at%n%ct%n%P%n%B -z HEAD
> git ls-tree -l HEAD -- src/app/app.module.ts
> git symbolic-ref --short HEAD
> git rev-parse master
> git update-index  --cacheinfo 100644 74a9de1d5e6d0d7484e69a1b8ba296f0249c5966
 src/app/app.module.ts
> git rev-parse --symbolic-full-name master@{u}
Ignoring path 
fatal: no upstream configured for branch 'master'
> git for-each-ref --format %(refname) %(objectname) --sort -committerdate
> git remote --verbose
> git config --get commit.template
> git show :src/app/app.module.ts
> git status -z -u
> git ls-files --stage -- /home/sudhanshu/Desktop/E-CELL/Assignment For Interview/angularFrontend/src/app/app.module.ts
> git symbolic-ref --short HEAD
> git cat-file -s 74a9de1d5e6d0d7484e69a1b8ba296f0249c5966
> git rev-parse master
> git rev-parse --symbolic-full-name master@{u}
> git show :src/app/app.module.ts
fatal: no upstream configured for branch 'master'
> git for-each-ref --format %(refname) %(objectname) --sort -committerdate
> git remote --verbose
> git config --get commit.template
> git show :src/app/app.module.ts
> git ls-files --stage -- /home/sudhanshu/Desktop/E-CELL/Assignment For Interview/angularFrontend/src/app/app.module.ts
> git cat-file -s 74a9de1d5e6d0d7484e69a1b8ba296f0249c5966
> git show :src/app/app.module.ts
> git show :src/app/app.module.ts
> git status -z -u
> git ls-files --stage -- /home/sudhanshu/Desktop/E-CELL/Assignment For Interview/angularFrontend/src/app/app.module.ts
> git ls-files --stage -- /home/sudhanshu/Desktop/E-CELL/Assignment For Interview/angularFrontend/src/app/app.module.ts
> git symbolic-ref --short HEAD
> git cat-file -s 74a9de1d5e6d0d7484e69a1b8ba296f0249c5966
> git rev-parse master
> git cat-file -s 74a9de1d5e6d0d7484e69a1b8ba296f0249c5966
> git rev-parse --symbolic-full-name master@{u}
fatal: no upstream configured for branch 'master'
> git for-each-ref --format %(refname) %(objectname) --sort -committerdate
> git remote --verbose
> git show :src/app/app.module.ts
> git show :src/app/app.module.ts
> git config --get commit.template
> git ls-files --stage -- /home/sudhanshu/Desktop/E-CELL/Assignment For Interview/angularFrontend/src/app/app.module.ts
> git cat-file -s 74a9de1d5e6d0d7484e69a1b8ba296f0249c5966
> git check-ignore -v -z --stdin
> git check-ignore -v -z --stdin
> git check-ignore -v -z --stdin
> git check-ignore -v -z --stdin
> git check-ignore -v -z --stdin
> git show :src/app/events-page/events-page.component.html
> git ls-files --stage -- /home/sudhanshu/Desktop/E-CELL/Assignment For Interview/angularFrontend/src/app/events-page/events-page.component.html
> git cat-file -s 5fdeeed4c067a773b30b415f4a8c09c8461e4fe2
> git show :src/app/question2/question2.component.html
> git ls-files --stage -- /home/sudhanshu/Desktop/E-CELL/Assignment For Interview/angularFrontend/src/app/question2/question2.component.html
> git show :src/app/events-page/events-page.component.html
> git ls-files --stage -- /home/sudhanshu/Desktop/E-CELL/Assignment For Interview/angularFrontend/src/app/events-page/events-page.component.html
> git cat-file -s 5fdeeed4c067a773b30b415f4a8c09c8461e4fe2
> git show :src/app/login/login.component.html
> git ls-files --stage -- /home/sudhanshu/Desktop/E-CELL/Assignment For Interview/angularFrontend/src/app/login/login.component.html
> git cat-file -s 97393bf3ff84452e99b289b8b5325962d4320695
> git show :src/app/events-page/events-page.component.html
> git ls-files --stage -- /home/sudhanshu/Desktop/E-CELL/Assignment For Interview/angularFrontend/src/app/events-page/events-page.component.html
> git cat-file -s 5fdeeed4c067a773b30b415f4a8c09c8461e4fe2
> git show :src/app/app.component.html
> git ls-files --stage -- /home/sudhanshu/Desktop/E-CELL/Assignment For Interview/angularFrontend/src/app/app.component.html
> git cat-file -s 6a164d6971c1e767eae999e03e288a6325ba9ed9
> git show :src/app/question2/question2.component.html
> git ls-files --stage -- /home/sudhanshu/Desktop/E-CELL/Assignment For Interview/angularFrontend/src/app/question2/question2.component.html
> git show :src/app/question2/question2.component.ts
> git ls-files --stage -- /home/sudhanshu/Desktop/E-CELL/Assignment For Interview/angularFrontend/src/app/question2/question2.component.ts
> git show :src/app/question2/question2.component.scss
> git ls-files --stage -- /home/sudhanshu/Desktop/E-CELL/Assignment For Interview/angularFrontend/src/app/question2/question2.component.scss
> git show :src/app/question2/question2.component.html
> git ls-files --stage -- /home/sudhanshu/Desktop/E-CELL/Assignment For Interview/angularFrontend/src/app/question2/question2.component.html
> git show :src/app/app.component.scss
> git ls-files --stage -- /home/sudhanshu/Desktop/E-CELL/Assignment For Interview/angularFrontend/src/app/app.component.scss
> git cat-file -s e69de29bb2d1d6434b8b29ae775ad8c2e48c5391
> git show :src/app/question2/question2.component.html
> git ls-files --stage -- /home/sudhanshu/Desktop/E-CELL/Assignment For Interview/angularFrontend/src/app/question2/question2.component.html
> git check-ignore -v -z --stdin
> git show :src/assets/css/nucleo-icons.css
> git ls-files --stage -- /home/sudhanshu/Desktop/E-CELL/Assignment For Interview/angularFrontend/src/assets/css/nucleo-icons.css
> git cat-file -s 8cc6765415d2e6d1ba6d8b86920ae994215ea710
> git check-ignore -v -z --stdin
> git check-ignore -v -z --stdin
> git check-ignore -v -z --stdin
> git check-ignore -v -z --stdin
> git check-ignore -v -z --stdin
> git check-ignore -v -z --stdin
> git check-ignore -v -z --stdin
> git show :src/app/events-page/events-page.component.scss
> git ls-files --stage -- /home/sudhanshu/Desktop/E-CELL/Assignment For Interview/angularFrontend/src/app/events-page/events-page.component.scss
> git cat-file -s e69de29bb2d1d6434b8b29ae775ad8c2e48c5391
> git show :src/main.ts
> git ls-files --stage -- /home/sudhanshu/Desktop/E-CELL/Assignment For Interview/angularFrontend/src/main.ts
> git cat-file -s 8c43a0324374d35aff8babdccf7c09b5adf36d1f
> git show :src/index.html
> git ls-files --stage -- /home/sudhanshu/Desktop/E-CELL/Assignment For Interview/angularFrontend/src/index.html
> git cat-file -s 7d49ea0aa556452e2d4d22519b5ba5e6af5c5603
> git check-ignore -v -z --stdin
> git show :src/assets/demo/demo.css
> git ls-files --stage -- /home/sudhanshu/Desktop/E-CELL/Assignment For Interview/angularFrontend/src/assets/demo/demo.css
> git cat-file -s 7f683a6d9d62f3acb2f40367d09ae18600c53493
> git show :src/assets/css/nucleo-icons.css
> git ls-files --stage -- /home/sudhanshu/Desktop/E-CELL/Assignment For Interview/angularFrontend/src/assets/css/nucleo-icons.css
> git cat-file -s 8cc6765415d2e6d1ba6d8b86920ae994215ea710
> git show :src/assets/demo/demo.css
> git ls-files --stage -- /home/sudhanshu/Desktop/E-CELL/Assignment For Interview/angularFrontend/src/assets/demo/demo.css
> git cat-file -s 7f683a6d9d62f3acb2f40367d09ae18600c53493
> git check-ignore -v -z --stdin
> git check-ignore -v -z --stdin
> git check-ignore -v -z --stdin
> git check-ignore -v -z --stdin
> git check-ignore -v -z --stdin
> git check-ignore -v -z --stdin
> git check-ignore -v -z --stdin
> git check-ignore -v -z --stdin
> git show :src/assets/scss/blk-design-system.scss
> git ls-files --stage -- /home/sudhanshu/Desktop/E-CELL/Assignment For Interview/angularFrontend/src/assets/scss/blk-design-system.scss
> git cat-file -s 8d9420ca3165449e446ce902e512ff7764efc644
> git show :src/assets/demo/demo.css
> git ls-files --stage -- /home/sudhanshu/Desktop/E-CELL/Assignment For Interview/angularFrontend/src/assets/demo/demo.css
> git cat-file -s 7f683a6d9d62f3acb2f40367d09ae18600c53493
> git check-ignore -v -z --stdin
> git show :src/assets/scss/blk-design-system/bootstrap/_navbar.scss
> git ls-files --stage -- /home/sudhanshu/Desktop/E-CELL/Assignment For Interview/angularFrontend/src/assets/scss/blk-design-system/bootstrap/_navbar.scss
> git cat-file -s d62a14d0a54afaa86491fe80ba67389633069005
> git check-ignore -v -z --stdin
> git check-ignore -v -z --stdin
> git show :src/assets/demo/demo.css
> git ls-files --stage -- /home/sudhanshu/Desktop/E-CELL/Assignment For Interview/angularFrontend/src/assets/demo/demo.css
> git cat-file -s 7f683a6d9d62f3acb2f40367d09ae18600c53493
> git show :src/app/question2/question2.component.html
> git ls-files --stage -- /home/sudhanshu/Desktop/E-CELL/Assignment For Interview/angularFrontend/src/app/question2/question2.component.html
> git show :src/app/question2/question2.component.scss
> git ls-files --stage -- /home/sudhanshu/Desktop/E-CELL/Assignment For Interview/angularFrontend/src/app/question2/question2.component.scss
