[2020-04-11 22:12:28.757] [exthost] [info] extension host started
[2020-04-11 22:12:28.802] [exthost] [info] ExtensionService#_doActivateExtension vscode.emmet {"startup":false,"extensionId":{"value":"vscode.emmet","_lower":"vscode.emmet"},"activationEvent":"onLanguage:html"}
[2020-04-11 22:12:28.802] [exthost] [info] ExtensionService#loadCommonJSModule file:///usr/share/code/resources/app/extensions/emmet/dist/extension
[2020-04-11 22:12:28.854] [exthost] [info] ExtensionService#_doActivateExtension vscode.html-language-features {"startup":false,"extensionId":{"value":"vscode.html-language-features","_lower":"vscode.html-language-features"},"activationEvent":"onLanguage:html"}
[2020-04-11 22:12:28.854] [exthost] [info] ExtensionService#loadCommonJSModule file:///usr/share/code/resources/app/extensions/html-language-features/client/dist/htmlMain
[2020-04-11 22:12:29.057] [exthost] [info] ExtensionService#_doActivateExtension vscode.debug-auto-launch {"startup":true,"extensionId":{"value":"vscode.debug-auto-launch","_lower":"vscode.debug-auto-launch"},"activationEvent":"*"}
[2020-04-11 22:12:29.057] [exthost] [info] ExtensionService#loadCommonJSModule file:///usr/share/code/resources/app/extensions/debug-auto-launch/dist/extension
[2020-04-11 22:12:29.086] [exthost] [info] ExtensionService#_doActivateExtension vscode.git {"startup":true,"extensionId":{"value":"vscode.git","_lower":"vscode.git"},"activationEvent":"*"}
[2020-04-11 22:12:29.087] [exthost] [info] ExtensionService#loadCommonJSModule file:///usr/share/code/resources/app/extensions/git/dist/main
[2020-04-11 22:12:29.134] [exthost] [info] ExtensionService#_doActivateExtension vscode.github-authentication {"startup":true,"extensionId":{"value":"vscode.github-authentication","_lower":"vscode.github-authentication"},"activationEvent":"*"}
[2020-04-11 22:12:29.134] [exthost] [info] ExtensionService#loadCommonJSModule file:///usr/share/code/resources/app/extensions/github-authentication/dist/extension.js
[2020-04-11 22:12:29.203] [exthost] [info] ExtensionService#_doActivateExtension vscode.merge-conflict {"startup":true,"extensionId":{"value":"vscode.merge-conflict","_lower":"vscode.merge-conflict"},"activationEvent":"*"}
[2020-04-11 22:12:29.203] [exthost] [info] ExtensionService#loadCommonJSModule file:///usr/share/code/resources/app/extensions/merge-conflict/dist/extension
[2020-04-11 22:12:29.331] [exthost] [info] ExtensionService#_doActivateExtension vscode.search-result {"startup":true,"extensionId":{"value":"vscode.search-result","_lower":"vscode.search-result"},"activationEvent":"*"}
[2020-04-11 22:12:29.331] [exthost] [info] ExtensionService#loadCommonJSModule file:///usr/share/code/resources/app/extensions/search-result/dist/extension.js
[2020-04-11 22:12:29.357] [exthost] [info] ExtensionService#_doActivateExtension vscode.vscode-account {"startup":true,"extensionId":{"value":"vscode.vscode-account","_lower":"vscode.vscode-account"},"activationEvent":"*"}
[2020-04-11 22:12:29.357] [exthost] [info] ExtensionService#loadCommonJSModule file:///usr/share/code/resources/app/extensions/vscode-account/dist/extension.js
[2020-04-11 22:12:29.531] [exthost] [info] ExtensionService#_doActivateExtension vscode.npm {"startup":true,"extensionId":{"value":"vscode.npm","_lower":"vscode.npm"},"activationEvent":"workspaceContains:package.json"}
[2020-04-11 22:12:29.532] [exthost] [info] ExtensionService#loadCommonJSModule file:///usr/share/code/resources/app/extensions/npm/dist/main
[2020-04-11 22:12:29.716] [exthost] [info] eager extensions activated
[2020-04-11 22:39:40.081] [exthost] [info] ExtensionService#_doActivateExtension vscode.extension-editing {"startup":false,"extensionId":{"value":"vscode.extension-editing","_lower":"vscode.extension-editing"},"activationEvent":"onLanguage:typescript"}
[2020-04-11 22:39:40.081] [exthost] [info] ExtensionService#loadCommonJSModule file:///usr/share/code/resources/app/extensions/extension-editing/dist/extension
[2020-04-11 22:39:40.135] [exthost] [info] ExtensionService#_doActivateExtension vscode.typescript-language-features {"startup":false,"extensionId":{"value":"vscode.typescript-language-features","_lower":"vscode.typescript-language-features"},"activationEvent":"onLanguage:typescript"}
[2020-04-11 22:39:40.135] [exthost] [info] ExtensionService#loadCommonJSModule file:///usr/share/code/resources/app/extensions/typescript-language-features/dist/extension
[2020-04-11 22:39:59.707] [exthost] [info] ExtensionService#_doActivateExtension vscode.configuration-editing {"startup":false,"extensionId":{"value":"vscode.configuration-editing","_lower":"vscode.configuration-editing"},"activationEvent":"onLanguage:jsonc"}
[2020-04-11 22:39:59.707] [exthost] [info] ExtensionService#loadCommonJSModule file:///usr/share/code/resources/app/extensions/configuration-editing/dist/extension
[2020-04-11 22:39:59.756] [exthost] [info] ExtensionService#_doActivateExtension vscode.json-language-features {"startup":false,"extensionId":{"value":"vscode.json-language-features","_lower":"vscode.json-language-features"},"activationEvent":"onLanguage:jsonc"}
[2020-04-11 22:39:59.757] [exthost] [info] ExtensionService#loadCommonJSModule file:///usr/share/code/resources/app/extensions/json-language-features/client/dist/jsonMain
[2020-04-11 22:39:59.811] [exthost] [error] [vscode.typescript-language-features] provider FAILED
[2020-04-11 22:39:59.812] [exthost] [error] Error: busy
	at o._provideSemanticTokens (/usr/share/code/resources/app/extensions/typescript-language-features/dist/extension.js:1:180337)
[2020-04-11 22:40:15.345] [exthost] [error] [vscode.typescript-language-features] provider FAILED
[2020-04-11 22:40:15.345] [exthost] [error] Error: busy
	at o._provideSemanticTokens (/usr/share/code/resources/app/extensions/typescript-language-features/dist/extension.js:1:180337)
[2020-04-11 22:40:15.402] [exthost] [info] [vscode.typescript-language-features] UNSAVE result from 'resolveCompletionItem', extension SHOULD NOT change any of: additionalTextEdits, or command
[2020-04-11 22:41:10.129] [exthost] [error] [vscode.typescript-language-features] provider FAILED
[2020-04-11 22:41:10.129] [exthost] [error] Error: busy
	at o._provideSemanticTokens (/usr/share/code/resources/app/extensions/typescript-language-features/dist/extension.js:1:180337)
[2020-04-11 22:43:40.215] [exthost] [error] [vscode.typescript-language-features] provider FAILED
[2020-04-11 22:43:40.215] [exthost] [error] Error: busy
	at o._provideSemanticTokens (/usr/share/code/resources/app/extensions/typescript-language-features/dist/extension.js:1:180337)
[2020-04-11 22:43:40.990] [exthost] [error] [vscode.typescript-language-features] provider FAILED
[2020-04-11 22:43:40.990] [exthost] [error] Error: busy
	at o._provideSemanticTokens (/usr/share/code/resources/app/extensions/typescript-language-features/dist/extension.js:1:180337)
[2020-04-11 22:58:13.861] [exthost] [error] [vscode.typescript-language-features] provider FAILED
[2020-04-11 22:58:13.861] [exthost] [error] Error: busy
	at o._provideSemanticTokens (/usr/share/code/resources/app/extensions/typescript-language-features/dist/extension.js:1:180337)
[2020-04-11 23:02:38.134] [exthost] [error] [vscode.typescript-language-features] provider FAILED
[2020-04-11 23:02:38.134] [exthost] [error] Error: busy
	at o._provideSemanticTokens (/usr/share/code/resources/app/extensions/typescript-language-features/dist/extension.js:1:180337)
[2020-04-11 23:02:39.739] [exthost] [error] [vscode.typescript-language-features] provider FAILED
[2020-04-11 23:02:39.739] [exthost] [error] Error: busy
	at o._provideSemanticTokens (/usr/share/code/resources/app/extensions/typescript-language-features/dist/extension.js:1:180337)
[2020-04-11 23:03:06.945] [exthost] [error] [vscode.typescript-language-features] provider FAILED
[2020-04-11 23:03:06.945] [exthost] [error] Error: busy
	at o._provideSemanticTokens (/usr/share/code/resources/app/extensions/typescript-language-features/dist/extension.js:1:180337)
[2020-04-11 23:03:07.233] [exthost] [error] [vscode.typescript-language-features] provider FAILED
[2020-04-11 23:03:07.233] [exthost] [error] Error: busy
	at o._provideSemanticTokens (/usr/share/code/resources/app/extensions/typescript-language-features/dist/extension.js:1:180337)
[2020-04-11 23:03:07.586] [exthost] [error] [vscode.typescript-language-features] provider FAILED
[2020-04-11 23:03:07.586] [exthost] [error] Error: busy
	at o._provideSemanticTokens (/usr/share/code/resources/app/extensions/typescript-language-features/dist/extension.js:1:180337)
[2020-04-11 23:06:07.575] [exthost] [error] [vscode.typescript-language-features] provider FAILED
[2020-04-11 23:06:07.575] [exthost] [error] Error: busy
	at o._provideSemanticTokens (/usr/share/code/resources/app/extensions/typescript-language-features/dist/extension.js:1:180337)
[2020-04-11 23:06:17.222] [exthost] [error] [vscode.typescript-language-features] provider FAILED
[2020-04-11 23:06:17.222] [exthost] [error] Error: busy
	at o._provideSemanticTokens (/usr/share/code/resources/app/extensions/typescript-language-features/dist/extension.js:1:180337)
[2020-04-11 23:07:38.908] [exthost] [error] [vscode.typescript-language-features] provider FAILED
[2020-04-11 23:07:38.908] [exthost] [error] Error: busy
	at o._provideSemanticTokens (/usr/share/code/resources/app/extensions/typescript-language-features/dist/extension.js:1:180337)
[2020-04-11 23:11:44.370] [exthost] [error] [vscode.typescript-language-features] provider FAILED
[2020-04-11 23:11:44.370] [exthost] [error] Error: busy
	at o._provideSemanticTokens (/usr/share/code/resources/app/extensions/typescript-language-features/dist/extension.js:1:180337)
[2020-04-11 23:11:51.138] [exthost] [error] [vscode.typescript-language-features] provider FAILED
[2020-04-11 23:11:51.138] [exthost] [error] Error: busy
	at o._provideSemanticTokens (/usr/share/code/resources/app/extensions/typescript-language-features/dist/extension.js:1:180337)
[2020-04-11 23:11:52.365] [exthost] [error] [vscode.typescript-language-features] provider FAILED
[2020-04-11 23:11:52.365] [exthost] [error] Error: busy
	at o._provideSemanticTokens (/usr/share/code/resources/app/extensions/typescript-language-features/dist/extension.js:1:180337)
[2020-04-11 23:11:56.743] [exthost] [error] [vscode.typescript-language-features] provider FAILED
[2020-04-11 23:11:56.743] [exthost] [error] Error: busy
	at o._provideSemanticTokens (/usr/share/code/resources/app/extensions/typescript-language-features/dist/extension.js:1:180337)
[2020-04-11 23:11:57.068] [exthost] [error] [vscode.typescript-language-features] provider FAILED
[2020-04-11 23:11:57.068] [exthost] [error] Error: busy
	at o._provideSemanticTokens (/usr/share/code/resources/app/extensions/typescript-language-features/dist/extension.js:1:180337)
[2020-04-11 23:12:08.015] [exthost] [error] [vscode.typescript-language-features] provider FAILED
[2020-04-11 23:12:08.015] [exthost] [error] Error: busy
	at o._provideSemanticTokens (/usr/share/code/resources/app/extensions/typescript-language-features/dist/extension.js:1:180337)
[2020-04-11 23:15:25.297] [exthost] [error] [vscode.typescript-language-features] provider FAILED
[2020-04-11 23:15:25.298] [exthost] [error] Error: busy
	at o._provideSemanticTokens (/usr/share/code/resources/app/extensions/typescript-language-features/dist/extension.js:1:180337)
[2020-04-11 23:15:26.215] [exthost] [error] [vscode.typescript-language-features] provider FAILED
[2020-04-11 23:15:26.215] [exthost] [error] Error: busy
	at o._provideSemanticTokens (/usr/share/code/resources/app/extensions/typescript-language-features/dist/extension.js:1:180337)
[2020-04-11 23:17:42.096] [exthost] [error] [vscode.typescript-language-features] provider FAILED
[2020-04-11 23:17:42.096] [exthost] [error] Error: busy
	at o._provideSemanticTokens (/usr/share/code/resources/app/extensions/typescript-language-features/dist/extension.js:1:180337)
[2020-04-11 23:26:30.035] [exthost] [error] [vscode.typescript-language-features] provider FAILED
[2020-04-11 23:26:30.035] [exthost] [error] Error: busy
	at o._provideSemanticTokens (/usr/share/code/resources/app/extensions/typescript-language-features/dist/extension.js:1:180337)
[2020-04-11 23:26:30.354] [exthost] [error] [vscode.typescript-language-features] provider FAILED
[2020-04-11 23:26:30.354] [exthost] [error] Error: busy
	at o._provideSemanticTokens (/usr/share/code/resources/app/extensions/typescript-language-features/dist/extension.js:1:180337)
[2020-04-12 00:19:51.487] [exthost] [error] [vscode.typescript-language-features] provider FAILED
[2020-04-12 00:19:51.487] [exthost] [error] Error: busy
	at o._provideSemanticTokens (/usr/share/code/resources/app/extensions/typescript-language-features/dist/extension.js:1:180337)
[2020-04-12 00:19:56.264] [exthost] [error] [vscode.typescript-language-features] provider FAILED
[2020-04-12 00:19:56.264] [exthost] [error] Error: busy
	at o._provideSemanticTokens (/usr/share/code/resources/app/extensions/typescript-language-features/dist/extension.js:1:180337)
[2020-04-12 00:20:14.656] [exthost] [error] [vscode.typescript-language-features] provider FAILED
[2020-04-12 00:20:14.656] [exthost] [error] Error: busy
	at o._provideSemanticTokens (/usr/share/code/resources/app/extensions/typescript-language-features/dist/extension.js:1:180337)
[2020-04-12 00:23:15.934] [exthost] [error] [vscode.typescript-language-features] provider FAILED
[2020-04-12 00:23:15.934] [exthost] [error] Error: busy
	at o._provideSemanticTokens (/usr/share/code/resources/app/extensions/typescript-language-features/dist/extension.js:1:180337)
[2020-04-12 00:23:18.347] [exthost] [error] [vscode.typescript-language-features] provider FAILED
[2020-04-12 00:23:18.347] [exthost] [error] Error: busy
	at o._provideSemanticTokens (/usr/share/code/resources/app/extensions/typescript-language-features/dist/extension.js:1:180337)
[2020-04-12 00:36:30.352] [exthost] [info] ExtensionService#_doActivateExtension vscode.image-preview {"startup":false,"extensionId":{"value":"vscode.image-preview","_lower":"vscode.image-preview"},"activationEvent":"onCustomEditor:imagePreview.previewEditor"}
[2020-04-12 00:36:30.353] [exthost] [info] ExtensionService#loadCommonJSModule file:///usr/share/code/resources/app/extensions/image-preview/dist/extension
[2020-04-12 00:44:53.214] [exthost] [error] [vscode.html-language-features] provider FAILED
[2020-04-12 00:44:53.217] [exthost] [error] Error: Receving unknown insert replace range.
	at m (/usr/share/code/resources/app/extensions/html-language-features/client/dist/htmlMain.js:1:191358)
	at /usr/share/code/resources/app/extensions/html-language-features/client/dist/htmlMain.js:1:196231
	at Object.asCompletionItem (/usr/share/code/resources/app/extensions/html-language-features/client/dist/htmlMain.js:1:196345)
	at o (/usr/share/code/resources/app/extensions/html-language-features/client/dist/htmlMain.js:1:22454)
	at Object.n.resolveCompletionItem (/usr/share/code/resources/app/extensions/html-language-features/client/dist/htmlMain.js:1:22665)
	at /usr/share/code/resources/app/out/vs/workbench/services/extensions/node/extensionHostProcess.js:595:272
	at /usr/share/code/resources/app/out/vs/workbench/services/extensions/node/extensionHostProcess.js:54:345
	at new Promise (<anonymous>)
	at Object.t.asPromise (/usr/share/code/resources/app/out/vs/workbench/services/extensions/node/extensionHostProcess.js:54:317)
	at F.resolveCompletionItem (/usr/share/code/resources/app/out/vs/workbench/services/extensions/node/extensionHostProcess.js:595:243)
	at /usr/share/code/resources/app/out/vs/workbench/services/extensions/node/extensionHostProcess.js:613:338
	at V._withAdapter (/usr/share/code/resources/app/out/vs/workbench/services/extensions/node/extensionHostProcess.js:604:832)
	at V.$resolveCompletionItem (/usr/share/code/resources/app/out/vs/workbench/services/extensions/node/extensionHostProcess.js:613:316)
	at p._doInvokeHandler (/usr/share/code/resources/app/out/vs/workbench/services/extensions/node/extensionHostProcess.js:688:464)
	at p._invokeHandler (/usr/share/code/resources/app/out/vs/workbench/services/extensions/node/extensionHostProcess.js:688:156)
	at p._receiveRequest (/usr/share/code/resources/app/out/vs/workbench/services/extensions/node/extensionHostProcess.js:686:766)
	at p._receiveOneMessage (/usr/share/code/resources/app/out/vs/workbench/services/extensions/node/extensionHostProcess.js:685:623)
	at /usr/share/code/resources/app/out/vs/workbench/services/extensions/node/extensionHostProcess.js:683:791
	at l.fire (/usr/share/code/resources/app/out/vs/workbench/services/extensions/node/extensionHostProcess.js:48:845)
	at v.fire (/usr/share/code/resources/app/out/vs/workbench/services/extensions/node/extensionHostProcess.js:191:325)
	at /usr/share/code/resources/app/out/vs/workbench/services/extensions/node/extensionHostProcess.js:851:104
	at l.fire (/usr/share/code/resources/app/out/vs/workbench/services/extensions/node/extensionHostProcess.js:48:845)
	at v.fire (/usr/share/code/resources/app/out/vs/workbench/services/extensions/node/extensionHostProcess.js:191:325)
	at t.PersistentProtocol._receiveMessage (/usr/share/code/resources/app/out/vs/workbench/services/extensions/node/extensionHostProcess.js:195:717)
	at /usr/share/code/resources/app/out/vs/workbench/services/extensions/node/extensionHostProcess.js:192:897
	at l.fire (/usr/share/code/resources/app/out/vs/workbench/services/extensions/node/extensionHostProcess.js:48:845)
	at p.acceptChunk (/usr/share/code/resources/app/out/vs/workbench/services/extensions/node/extensionHostProcess.js:188:897)
	at /usr/share/code/resources/app/out/vs/workbench/services/extensions/node/extensionHostProcess.js:188:249
	at Socket.t (/usr/share/code/resources/app/out/vs/workbench/services/extensions/node/extensionHostProcess.js:197:232)
	at Socket.emit (events.js:203:13)
	at addChunk (_stream_readable.js:295:12)
	at readableAddChunk (_stream_readable.js:276:11)
	at Socket.Readable.push (_stream_readable.js:210:10)
	at Pipe.onStreamRead (internal/stream_base_commons.js:166:17)
[2020-04-12 00:48:19.262] [exthost] [error] [vscode.typescript-language-features] provider FAILED
[2020-04-12 00:48:19.262] [exthost] [error] Error: busy
	at o._provideSemanticTokens (/usr/share/code/resources/app/extensions/typescript-language-features/dist/extension.js:1:180337)
[2020-04-12 00:48:39.837] [exthost] [error] [vscode.typescript-language-features] provider FAILED
[2020-04-12 00:48:39.837] [exthost] [error] Error: busy
	at o._provideSemanticTokens (/usr/share/code/resources/app/extensions/typescript-language-features/dist/extension.js:1:180337)
[2020-04-12 02:51:21.547] [exthost] [error] [vscode.typescript-language-features] provider FAILED
[2020-04-12 02:51:21.547] [exthost] [error] Error: busy
	at o._provideSemanticTokens (/usr/share/code/resources/app/extensions/typescript-language-features/dist/extension.js:1:180337)
[2020-04-12 02:52:46.619] [exthost] [error] [vscode.typescript-language-features] provider FAILED
[2020-04-12 02:52:46.619] [exthost] [error] Error: busy
	at o._provideSemanticTokens (/usr/share/code/resources/app/extensions/typescript-language-features/dist/extension.js:1:180337)
[2020-04-12 02:55:09.005] [exthost] [error] [vscode.typescript-language-features] provider FAILED
[2020-04-12 02:55:09.005] [exthost] [error] Error: busy
	at o._provideSemanticTokens (/usr/share/code/resources/app/extensions/typescript-language-features/dist/extension.js:1:180337)
[2020-04-12 02:55:49.344] [exthost] [error] [vscode.typescript-language-features] provider FAILED
[2020-04-12 02:55:49.344] [exthost] [error] Error: busy
	at o._provideSemanticTokens (/usr/share/code/resources/app/extensions/typescript-language-features/dist/extension.js:1:180337)
[2020-04-12 02:56:19.778] [exthost] [error] [vscode.typescript-language-features] provider FAILED
[2020-04-12 02:56:19.778] [exthost] [error] Error: busy
	at o._provideSemanticTokens (/usr/share/code/resources/app/extensions/typescript-language-features/dist/extension.js:1:180337)
[2020-04-12 02:56:56.739] [exthost] [error] [vscode.typescript-language-features] provider FAILED
[2020-04-12 02:56:56.739] [exthost] [error] Error: busy
	at o._provideSemanticTokens (/usr/share/code/resources/app/extensions/typescript-language-features/dist/extension.js:1:180337)
[2020-04-12 02:57:17.246] [exthost] [error] [vscode.typescript-language-features] provider FAILED
[2020-04-12 02:57:17.246] [exthost] [error] Error: busy
	at o._provideSemanticTokens (/usr/share/code/resources/app/extensions/typescript-language-features/dist/extension.js:1:180337)
[2020-04-12 02:57:17.638] [exthost] [error] [vscode.typescript-language-features] provider FAILED
[2020-04-12 02:57:17.638] [exthost] [error] Error: busy
	at o._provideSemanticTokens (/usr/share/code/resources/app/extensions/typescript-language-features/dist/extension.js:1:180337)
[2020-04-12 02:57:19.644] [exthost] [error] [vscode.typescript-language-features] provider FAILED
[2020-04-12 02:57:19.645] [exthost] [error] Error: busy
	at o._provideSemanticTokens (/usr/share/code/resources/app/extensions/typescript-language-features/dist/extension.js:1:180337)
[2020-04-12 03:04:01.873] [exthost] [error] [vscode.typescript-language-features] provider FAILED
[2020-04-12 03:04:01.873] [exthost] [error] Error: busy
	at o._provideSemanticTokens (/usr/share/code/resources/app/extensions/typescript-language-features/dist/extension.js:1:180337)
[2020-04-12 03:29:12.934] [exthost] [error] [vscode.typescript-language-features] provider FAILED
[2020-04-12 03:29:12.934] [exthost] [error] Error: busy
	at o._provideSemanticTokens (/usr/share/code/resources/app/extensions/typescript-language-features/dist/extension.js:1:180337)
[2020-04-12 03:30:22.373] [exthost] [error] [vscode.typescript-language-features] provider FAILED
[2020-04-12 03:30:22.373] [exthost] [error] Error: busy
	at o._provideSemanticTokens (/usr/share/code/resources/app/extensions/typescript-language-features/dist/extension.js:1:180337)
[2020-04-12 03:30:26.802] [exthost] [error] [vscode.typescript-language-features] provider FAILED
[2020-04-12 03:30:26.802] [exthost] [error] Error: busy
	at o._provideSemanticTokens (/usr/share/code/resources/app/extensions/typescript-language-features/dist/extension.js:1:180337)
[2020-04-12 03:30:28.258] [exthost] [error] [vscode.typescript-language-features] provider FAILED
[2020-04-12 03:30:28.258] [exthost] [error] Error: busy
	at o._provideSemanticTokens (/usr/share/code/resources/app/extensions/typescript-language-features/dist/extension.js:1:180337)
[2020-04-12 03:30:32.427] [exthost] [error] [vscode.typescript-language-features] provider FAILED
[2020-04-12 03:30:32.427] [exthost] [error] Error: busy
	at o._provideSemanticTokens (/usr/share/code/resources/app/extensions/typescript-language-features/dist/extension.js:1:180337)
[2020-04-12 03:31:26.288] [exthost] [error] [vscode.typescript-language-features] provider FAILED
[2020-04-12 03:31:26.288] [exthost] [error] Error: busy
	at o._provideSemanticTokens (/usr/share/code/resources/app/extensions/typescript-language-features/dist/extension.js:1:180337)
[2020-04-12 03:31:26.622] [exthost] [error] [vscode.typescript-language-features] provider FAILED
[2020-04-12 03:31:26.622] [exthost] [error] Error: busy
	at o._provideSemanticTokens (/usr/share/code/resources/app/extensions/typescript-language-features/dist/extension.js:1:180337)
[2020-04-12 03:31:42.866] [exthost] [error] [vscode.typescript-language-features] provider FAILED
[2020-04-12 03:31:42.867] [exthost] [error] Error: busy
	at o._provideSemanticTokens (/usr/share/code/resources/app/extensions/typescript-language-features/dist/extension.js:1:180337)
[2020-04-12 03:32:14.668] [exthost] [error] [vscode.typescript-language-features] provider FAILED
[2020-04-12 03:32:14.668] [exthost] [error] Error: busy
	at o._provideSemanticTokens (/usr/share/code/resources/app/extensions/typescript-language-features/dist/extension.js:1:180337)
[2020-04-12 03:38:56.987] [exthost] [error] [vscode.typescript-language-features] provider FAILED
[2020-04-12 03:38:56.987] [exthost] [error] Error: busy
	at o._provideSemanticTokens (/usr/share/code/resources/app/extensions/typescript-language-features/dist/extension.js:1:180337)
[2020-04-12 03:38:57.321] [exthost] [error] [vscode.typescript-language-features] provider FAILED
[2020-04-12 03:38:57.321] [exthost] [error] Error: busy
	at o._provideSemanticTokens (/usr/share/code/resources/app/extensions/typescript-language-features/dist/extension.js:1:180337)
[2020-04-12 03:40:10.456] [exthost] [error] [vscode.typescript-language-features] provider FAILED
[2020-04-12 03:40:10.456] [exthost] [error] Error: busy
	at o._provideSemanticTokens (/usr/share/code/resources/app/extensions/typescript-language-features/dist/extension.js:1:180337)
[2020-04-12 03:40:25.164] [exthost] [error] [vscode.typescript-language-features] provider FAILED
[2020-04-12 03:40:25.164] [exthost] [error] Error: busy
	at o._provideSemanticTokens (/usr/share/code/resources/app/extensions/typescript-language-features/dist/extension.js:1:180337)
[2020-04-12 03:49:18.489] [exthost] [error] [vscode.typescript-language-features] provider FAILED
[2020-04-12 03:49:18.489] [exthost] [error] Error: busy
	at o._provideSemanticTokens (/usr/share/code/resources/app/extensions/typescript-language-features/dist/extension.js:1:180337)
[2020-04-12 03:49:24.084] [exthost] [error] [vscode.typescript-language-features] provider FAILED
[2020-04-12 03:49:24.084] [exthost] [error] Error: busy
	at o._provideSemanticTokens (/usr/share/code/resources/app/extensions/typescript-language-features/dist/extension.js:1:180337)
[2020-04-12 03:56:00.640] [exthost] [error] [vscode.typescript-language-features] provider FAILED
[2020-04-12 03:56:00.640] [exthost] [error] Error: busy
	at o._provideSemanticTokens (/usr/share/code/resources/app/extensions/typescript-language-features/dist/extension.js:1:180337)
[2020-04-12 03:57:30.757] [exthost] [error] [vscode.typescript-language-features] provider FAILED
[2020-04-12 03:57:30.757] [exthost] [error] Error: busy
	at o._provideSemanticTokens (/usr/share/code/resources/app/extensions/typescript-language-features/dist/extension.js:1:180337)
[2020-04-12 03:57:35.494] [exthost] [error] [vscode.typescript-language-features] provider FAILED
[2020-04-12 03:57:35.494] [exthost] [error] Error: busy
	at o._provideSemanticTokens (/usr/share/code/resources/app/extensions/typescript-language-features/dist/extension.js:1:180337)
[2020-04-12 04:01:58.488] [exthost] [error] [vscode.typescript-language-features] provider FAILED
[2020-04-12 04:01:58.488] [exthost] [error] Error: busy
	at o._provideSemanticTokens (/usr/share/code/resources/app/extensions/typescript-language-features/dist/extension.js:1:180337)
[2020-04-12 04:02:02.825] [exthost] [error] [vscode.typescript-language-features] provider FAILED
[2020-04-12 04:02:02.825] [exthost] [error] Error: busy
	at o._provideSemanticTokens (/usr/share/code/resources/app/extensions/typescript-language-features/dist/extension.js:1:180337)
[2020-04-12 04:03:12.864] [exthost] [error] [vscode.typescript-language-features] provider FAILED
[2020-04-12 04:03:12.864] [exthost] [error] Error: busy
	at o._provideSemanticTokens (/usr/share/code/resources/app/extensions/typescript-language-features/dist/extension.js:1:180337)
[2020-04-12 04:06:44.821] [exthost] [error] [vscode.typescript-language-features] provider FAILED
[2020-04-12 04:06:44.821] [exthost] [error] Error: busy
	at o._provideSemanticTokens (/usr/share/code/resources/app/extensions/typescript-language-features/dist/extension.js:1:180337)
[2020-04-12 04:06:49.325] [exthost] [error] [vscode.typescript-language-features] provider FAILED
[2020-04-12 04:06:49.325] [exthost] [error] Error: busy
	at o._provideSemanticTokens (/usr/share/code/resources/app/extensions/typescript-language-features/dist/extension.js:1:180337)
[2020-04-12 04:08:37.095] [exthost] [error] [vscode.typescript-language-features] provider FAILED
[2020-04-12 04:08:37.095] [exthost] [error] Error: busy
	at o._provideSemanticTokens (/usr/share/code/resources/app/extensions/typescript-language-features/dist/extension.js:1:180337)
[2020-04-12 04:08:37.913] [exthost] [error] [vscode.typescript-language-features] provider FAILED
[2020-04-12 04:08:37.913] [exthost] [error] Error: busy
	at o._provideSemanticTokens (/usr/share/code/resources/app/extensions/typescript-language-features/dist/extension.js:1:180337)
[2020-04-12 04:08:38.246] [exthost] [error] [vscode.typescript-language-features] provider FAILED
[2020-04-12 04:08:38.246] [exthost] [error] Error: busy
	at o._provideSemanticTokens (/usr/share/code/resources/app/extensions/typescript-language-features/dist/extension.js:1:180337)
[2020-04-12 04:13:02.238] [exthost] [error] [vscode.typescript-language-features] provider FAILED
[2020-04-12 04:13:02.239] [exthost] [error] Error: busy
	at o._provideSemanticTokens (/usr/share/code/resources/app/extensions/typescript-language-features/dist/extension.js:1:180337)
[2020-04-12 04:15:33.579] [exthost] [error] [vscode.typescript-language-features] provider FAILED
[2020-04-12 04:15:33.579] [exthost] [error] Error: busy
	at o._provideSemanticTokens (/usr/share/code/resources/app/extensions/typescript-language-features/dist/extension.js:1:180337)
[2020-04-12 04:35:03.624] [exthost] [error] [vscode.typescript-language-features] provider FAILED
[2020-04-12 04:35:03.624] [exthost] [error] Error: busy
	at o._provideSemanticTokens (/usr/share/code/resources/app/extensions/typescript-language-features/dist/extension.js:1:180337)
[2020-04-12 04:35:03.924] [exthost] [error] [vscode.typescript-language-features] provider FAILED
[2020-04-12 04:35:03.924] [exthost] [error] Error: busy
	at o._provideSemanticTokens (/usr/share/code/resources/app/extensions/typescript-language-features/dist/extension.js:1:180337)
[2020-04-12 04:35:25.748] [exthost] [error] [vscode.typescript-language-features] provider FAILED
[2020-04-12 04:35:25.748] [exthost] [error] Error: busy
	at o._provideSemanticTokens (/usr/share/code/resources/app/extensions/typescript-language-features/dist/extension.js:1:180337)
[2020-04-12 04:35:42.589] [exthost] [error] [vscode.typescript-language-features] provider FAILED
[2020-04-12 04:35:42.589] [exthost] [error] Error: busy
	at o._provideSemanticTokens (/usr/share/code/resources/app/extensions/typescript-language-features/dist/extension.js:1:180337)
[2020-04-12 04:37:05.583] [exthost] [error] [vscode.typescript-language-features] provider FAILED
[2020-04-12 04:37:05.583] [exthost] [error] Error: busy
	at o._provideSemanticTokens (/usr/share/code/resources/app/extensions/typescript-language-features/dist/extension.js:1:180337)
[2020-04-12 04:38:50.742] [exthost] [error] [vscode.typescript-language-features] provider FAILED
[2020-04-12 04:38:50.742] [exthost] [error] Error: busy
	at o._provideSemanticTokens (/usr/share/code/resources/app/extensions/typescript-language-features/dist/extension.js:1:180337)
[2020-04-12 04:39:17.294] [exthost] [error] [vscode.typescript-language-features] provider FAILED
[2020-04-12 04:39:17.294] [exthost] [error] Error: busy
	at o._provideSemanticTokens (/usr/share/code/resources/app/extensions/typescript-language-features/dist/extension.js:1:180337)
[2020-04-12 04:41:03.312] [exthost] [error] [vscode.typescript-language-features] provider FAILED
[2020-04-12 04:41:03.312] [exthost] [error] Error: busy
	at o._provideSemanticTokens (/usr/share/code/resources/app/extensions/typescript-language-features/dist/extension.js:1:180337)
[2020-04-12 04:58:31.211] [exthost] [error] [vscode.typescript-language-features] provider FAILED
[2020-04-12 04:58:31.211] [exthost] [error] Error: busy
	at o._provideSemanticTokens (/usr/share/code/resources/app/extensions/typescript-language-features/dist/extension.js:1:180337)
[2020-04-12 04:58:44.055] [exthost] [error] [vscode.typescript-language-features] provider FAILED
[2020-04-12 04:58:44.055] [exthost] [error] Error: busy
	at o._provideSemanticTokens (/usr/share/code/resources/app/extensions/typescript-language-features/dist/extension.js:1:180337)
[2020-04-12 04:58:49.869] [exthost] [error] [vscode.typescript-language-features] provider FAILED
[2020-04-12 04:58:49.869] [exthost] [error] Error: busy
	at o._provideSemanticTokens (/usr/share/code/resources/app/extensions/typescript-language-features/dist/extension.js:1:180337)
[2020-04-12 04:58:50.117] [exthost] [error] [vscode.typescript-language-features] provider FAILED
[2020-04-12 04:58:50.117] [exthost] [error] Error: busy
	at o._provideSemanticTokens (/usr/share/code/resources/app/extensions/typescript-language-features/dist/extension.js:1:180337)
[2020-04-12 04:58:50.850] [exthost] [error] [vscode.typescript-language-features] provider FAILED
[2020-04-12 04:58:50.850] [exthost] [error] Error: busy
	at o._provideSemanticTokens (/usr/share/code/resources/app/extensions/typescript-language-features/dist/extension.js:1:180337)
[2020-04-12 04:59:36.740] [exthost] [error] [vscode.typescript-language-features] provider FAILED
[2020-04-12 04:59:36.740] [exthost] [error] Error: busy
	at o._provideSemanticTokens (/usr/share/code/resources/app/extensions/typescript-language-features/dist/extension.js:1:180337)
[2020-04-12 04:59:41.311] [exthost] [error] [vscode.typescript-language-features] provider FAILED
[2020-04-12 04:59:41.311] [exthost] [error] Error: busy
	at o._provideSemanticTokens (/usr/share/code/resources/app/extensions/typescript-language-features/dist/extension.js:1:180337)
[2020-04-12 04:59:50.191] [exthost] [error] [vscode.typescript-language-features] provider FAILED
[2020-04-12 04:59:50.191] [exthost] [error] Error: busy
	at o._provideSemanticTokens (/usr/share/code/resources/app/extensions/typescript-language-features/dist/extension.js:1:180337)
[2020-04-12 04:59:53.757] [exthost] [error] [vscode.typescript-language-features] provider FAILED
[2020-04-12 04:59:53.757] [exthost] [error] Error: busy
	at o._provideSemanticTokens (/usr/share/code/resources/app/extensions/typescript-language-features/dist/extension.js:1:180337)
[2020-04-12 05:01:20.943] [exthost] [error] [vscode.typescript-language-features] provider FAILED
[2020-04-12 05:01:20.943] [exthost] [error] Error: busy
	at o._provideSemanticTokens (/usr/share/code/resources/app/extensions/typescript-language-features/dist/extension.js:1:180337)
[2020-04-12 05:03:45.771] [exthost] [error] [vscode.typescript-language-features] provider FAILED
[2020-04-12 05:03:45.772] [exthost] [error] Error: busy
	at o._provideSemanticTokens (/usr/share/code/resources/app/extensions/typescript-language-features/dist/extension.js:1:180337)
[2020-04-12 05:03:47.001] [exthost] [error] [vscode.typescript-language-features] provider FAILED
[2020-04-12 05:03:47.001] [exthost] [error] Error: busy
	at o._provideSemanticTokens (/usr/share/code/resources/app/extensions/typescript-language-features/dist/extension.js:1:180337)
[2020-04-12 05:06:32.430] [exthost] [error] [vscode.typescript-language-features] provider FAILED
[2020-04-12 05:06:32.467] [exthost] [error] Error: busy
	at o._provideSemanticTokens (/usr/share/code/resources/app/extensions/typescript-language-features/dist/extension.js:1:180337)
[2020-04-12 05:06:49.939] [exthost] [error] [vscode.typescript-language-features] provider FAILED
[2020-04-12 05:06:49.939] [exthost] [error] Error: busy
	at o._provideSemanticTokens (/usr/share/code/resources/app/extensions/typescript-language-features/dist/extension.js:1:180337)
[2020-04-12 05:06:50.193] [exthost] [error] [vscode.typescript-language-features] provider FAILED
[2020-04-12 05:06:50.193] [exthost] [error] Error: busy
	at o._provideSemanticTokens (/usr/share/code/resources/app/extensions/typescript-language-features/dist/extension.js:1:180337)
[2020-04-12 05:06:50.521] [exthost] [error] [vscode.typescript-language-features] provider FAILED
[2020-04-12 05:06:50.521] [exthost] [error] Error: busy
	at o._provideSemanticTokens (/usr/share/code/resources/app/extensions/typescript-language-features/dist/extension.js:1:180337)
[2020-04-12 05:06:50.827] [exthost] [error] [vscode.typescript-language-features] provider FAILED
[2020-04-12 05:06:50.827] [exthost] [error] Error: busy
	at o._provideSemanticTokens (/usr/share/code/resources/app/extensions/typescript-language-features/dist/extension.js:1:180337)
[2020-04-12 05:07:18.196] [exthost] [error] [vscode.typescript-language-features] provider FAILED
[2020-04-12 05:07:18.196] [exthost] [error] Error: busy
	at o._provideSemanticTokens (/usr/share/code/resources/app/extensions/typescript-language-features/dist/extension.js:1:180337)
[2020-04-12 05:07:18.535] [exthost] [error] [vscode.typescript-language-features] provider FAILED
[2020-04-12 05:07:18.535] [exthost] [error] Error: busy
	at o._provideSemanticTokens (/usr/share/code/resources/app/extensions/typescript-language-features/dist/extension.js:1:180337)
[2020-04-12 05:07:18.863] [exthost] [error] [vscode.typescript-language-features] provider FAILED
[2020-04-12 05:07:18.863] [exthost] [error] Error: busy
	at o._provideSemanticTokens (/usr/share/code/resources/app/extensions/typescript-language-features/dist/extension.js:1:180337)
[2020-04-12 05:07:19.197] [exthost] [error] [vscode.typescript-language-features] provider FAILED
[2020-04-12 05:07:19.197] [exthost] [error] Error: busy
	at o._provideSemanticTokens (/usr/share/code/resources/app/extensions/typescript-language-features/dist/extension.js:1:180337)
[2020-04-12 05:08:35.432] [exthost] [error] [vscode.typescript-language-features] provider FAILED
[2020-04-12 05:08:35.432] [exthost] [error] Error: busy
	at o._provideSemanticTokens (/usr/share/code/resources/app/extensions/typescript-language-features/dist/extension.js:1:180337)
[2020-04-12 05:08:42.138] [exthost] [error] [vscode.typescript-language-features] provider FAILED
[2020-04-12 05:08:42.138] [exthost] [error] Error: busy
	at o._provideSemanticTokens (/usr/share/code/resources/app/extensions/typescript-language-features/dist/extension.js:1:180337)
[2020-04-12 05:08:42.536] [exthost] [error] [vscode.typescript-language-features] provider FAILED
[2020-04-12 05:08:42.536] [exthost] [error] Error: busy
	at o._provideSemanticTokens (/usr/share/code/resources/app/extensions/typescript-language-features/dist/extension.js:1:180337)
[2020-04-12 05:08:42.736] [exthost] [error] [vscode.typescript-language-features] provider FAILED
[2020-04-12 05:08:42.736] [exthost] [error] Error: busy
	at o._provideSemanticTokens (/usr/share/code/resources/app/extensions/typescript-language-features/dist/extension.js:1:180337)
[2020-04-12 05:08:43.067] [exthost] [error] [vscode.typescript-language-features] provider FAILED
[2020-04-12 05:08:43.067] [exthost] [error] Error: busy
	at o._provideSemanticTokens (/usr/share/code/resources/app/extensions/typescript-language-features/dist/extension.js:1:180337)
[2020-04-12 05:08:43.401] [exthost] [error] [vscode.typescript-language-features] provider FAILED
[2020-04-12 05:08:43.401] [exthost] [error] Error: busy
	at o._provideSemanticTokens (/usr/share/code/resources/app/extensions/typescript-language-features/dist/extension.js:1:180337)
