[2020-04-11 19:13:15.787] [renderer1] [error] <semantic> TypeScript Server Error (3.8.3)
Cannot read property 'emitNode' of undefined
TypeError: Cannot read property 'emitNode' of undefined
    at Object.getStartsOnNewLine (tsserver.js:71085:29)
    at shouldWriteSeparatingLineTerminator (tsserver.js:95873:27)
    at emitNodeList (tsserver.js:95658:29)
    at emitList (tsserver.js:95555:13)
    at Object.writeList (tsserver.js:92891:13)
    at tsserver.js:119315:29
    at Object.mapToDisplayParts (tsserver.js:107201:13)
    at itemInfoForParameters (tsserver.js:119312:41)
    at getSignatureHelpItem (tsserver.js:119278:95)
    at tsserver.js:119251:79
    at Array.map (<anonymous>)
    at createSignatureHelpItems (tsserver.js:119251:36)
    at tsserver.js:118843:23
    at Object.runWithCancellationToken (tsserver.js:34552:28)
    at Object.getSignatureHelpItems (tsserver.js:118841:32)
    at Proxy.getSignatureHelpItems (tsserver.js:135509:37)
    at IOSession.Session.getSignatureHelpItems (tsserver.js:145510:62)
    at Session.handlers.ts.createMapFromTemplate._a.<computed> (tsserver.js:144404:61)
    at tsserver.js:146003:88
    at IOSession.Session.executeWithRequestId (tsserver.js:145994:28)
    at IOSession.Session.executeCommand (tsserver.js:146003:33)
    at IOSession.Session.onMessage (tsserver.js:146027:35)
    at Interface.<anonymous> (tsserver.js:147342:27)
    at Interface.emit (events.js:203:13)
    at Interface._onLine (readline.js:316:10)
    at Interface._normalWrite (readline.js:461:12)
    at Socket.ondata (readline.js:172:10)
    at Socket.emit (events.js:203:13)
    at addChunk (_stream_readable.js:295:12)
    at readableAddChunk (_stream_readable.js:276:11)
    at Socket.Readable.push (_stream_readable.js:210:10)
    at Pipe.onStreamRead (internal/stream_base_commons.js:166:17): Error: <semantic> TypeScript Server Error (3.8.3)
Cannot read property 'emitNode' of undefined
TypeError: Cannot read property 'emitNode' of undefined
    at Object.getStartsOnNewLine (tsserver.js:71085:29)
    at shouldWriteSeparatingLineTerminator (tsserver.js:95873:27)
    at emitNodeList (tsserver.js:95658:29)
    at emitList (tsserver.js:95555:13)
    at Object.writeList (tsserver.js:92891:13)
    at tsserver.js:119315:29
    at Object.mapToDisplayParts (tsserver.js:107201:13)
    at itemInfoForParameters (tsserver.js:119312:41)
    at getSignatureHelpItem (tsserver.js:119278:95)
    at tsserver.js:119251:79
    at Array.map (<anonymous>)
    at createSignatureHelpItems (tsserver.js:119251:36)
    at tsserver.js:118843:23
    at Object.runWithCancellationToken (tsserver.js:34552:28)
    at Object.getSignatureHelpItems (tsserver.js:118841:32)
    at Proxy.getSignatureHelpItems (tsserver.js:135509:37)
    at IOSession.Session.getSignatureHelpItems (tsserver.js:145510:62)
    at Session.handlers.ts.createMapFromTemplate._a.<computed> (tsserver.js:144404:61)
    at tsserver.js:146003:88
    at IOSession.Session.executeWithRequestId (tsserver.js:145994:28)
    at IOSession.Session.executeCommand (tsserver.js:146003:33)
    at IOSession.Session.onMessage (tsserver.js:146027:35)
    at Interface.<anonymous> (tsserver.js:147342:27)
    at Interface.emit (events.js:203:13)
    at Interface._onLine (readline.js:316:10)
    at Interface._normalWrite (readline.js:461:12)
    at Socket.ondata (readline.js:172:10)
    at Socket.emit (events.js:203:13)
    at addChunk (_stream_readable.js:295:12)
    at readableAddChunk (_stream_readable.js:276:11)
    at Socket.Readable.push (_stream_readable.js:210:10)
    at Pipe.onStreamRead (internal/stream_base_commons.js:166:17)
	at Function.create (/usr/share/code/resources/app/extensions/typescript-language-features/dist/extension.js:1:49958)
	at h.dispatchResponse (/usr/share/code/resources/app/extensions/typescript-language-features/dist/extension.js:1:216914)
	at h.dispatchMessage (/usr/share/code/resources/app/extensions/typescript-language-features/dist/extension.js:1:215832)
	at /usr/share/code/resources/app/extensions/typescript-language-features/dist/extension.js:1:215308
	at l.fire (/usr/share/code/resources/app/out/vs/workbench/services/extensions/node/extensionHostProcess.js:48:845)
	at t.Reader.onLengthData (/usr/share/code/resources/app/extensions/typescript-language-features/dist/extension.js:1:223870)
	at Socket.<anonymous> (/usr/share/code/resources/app/extensions/typescript-language-features/dist/extension.js:1:223518)
	at Socket.emit (events.js:203:13)
	at addChunk (_stream_readable.js:295:12)
	at readableAddChunk (_stream_readable.js:276:11)
	at Socket.Readable.push (_stream_readable.js:210:10)
	at Pipe.onStreamRead (internal/stream_base_commons.js:166:17)
[2020-04-11 19:24:23.310] [renderer1] [error] <semantic> TypeScript Server Error (3.8.3)
this.fileExistsWithCache is not a function
TypeError: this.fileExistsWithCache is not a function
    at Object.Project.fileExists (tsserver.js:139306:29)
    at Object.ConfiguredProject.fileExists (tsserver.js:140487:49)
    at tryGetModuleNameAsNodeModule (tsserver.js:102423:43)
    at tsserver.js:102244:88
    at Object.mapDefined (tsserver.js:562:30)
    at Object.getModuleSpecifiers (tsserver.js:102244:29)
    at getSpecifierForModuleSymbol (tsserver.js:38529:62)
    at tsserver.js:38395:39
    at Array.map (<anonymous>)
    at getSymbolChain (tsserver.js:38393:58)
    at lookupSymbolChainWorker (tsserver.js:38377:52)
    at lookupSymbolChain (tsserver.js:38370:24)
    at symbolToTypeNode (tsserver.js:38536:29)
    at typeToTypeNodeHelper (tsserver.js:37786:27)
    at symbolToParameterDeclaration (tsserver.js:38326:41)
    at tsserver.js:38274:101
    at Array.map (<anonymous>)
    at signatureToSignatureDeclarationHelper (tsserver.js:38274:67)
    at createTypeNodeFromObjectType (tsserver.js:37948:49)
    at createAnonymousTypeNode (tsserver.js:37889:32)
    at typeToTypeNodeHelper (tsserver.js:37809:28)
    at tsserver.js:37598:106
    at withContext (tsserver.js:37643:37)
    at Object.typeToTypeNode (tsserver.js:37598:28)
    at Object.getTypeNodeIfAccessible (tsserver.js:107545:27)
    at annotate (tsserver.js:125508:31)
    at annotateVariableDeclaration (tsserver.js:125444:17)
    at doChange (tsserver.js:125374:25)
    at tsserver.js:125313:109
    at Function.ChangeTracker.with (tsserver.js:123413:17)
    at Object.getCodeActions (tsserver.js:125313:64)
    at tsserver.js:124540:77
    at Object.flatMap (tsserver.js:465:25)
    at Object.getFixes (tsserver.js:124540:23)
    at tsserver.js:135666:35
    at Object.flatMap (tsserver.js:465:25)
    at Proxy.getCodeFixesAtPosition (tsserver.js:135664:23)
    at IOSession.Session.getCodeFixes (tsserver.js:145753:64)
    at Session.handlers.ts.createMapFromTemplate._a.<computed> (tsserver.js:144510:61)
    at tsserver.js:146003:88
    at IOSession.Session.executeWithRequestId (tsserver.js:145994:28)
    at IOSession.Session.executeCommand (tsserver.js:146003:33)
    at IOSession.Session.onMessage (tsserver.js:146027:35)
    at Interface.<anonymous> (tsserver.js:147342:27)
    at Interface.emit (events.js:203:13)
    at Interface._onLine (readline.js:316:10)
    at Interface._normalWrite (readline.js:461:12)
    at Socket.ondata (readline.js:172:10)
    at Socket.emit (events.js:203:13)
    at addChunk (_stream_readable.js:295:12)
    at readableAddChunk (_stream_readable.js:276:11)
    at Socket.Readable.push (_stream_readable.js:210:10)
    at Pipe.onStreamRead (internal/stream_base_commons.js:166:17): Error: <semantic> TypeScript Server Error (3.8.3)
this.fileExistsWithCache is not a function
TypeError: this.fileExistsWithCache is not a function
    at Object.Project.fileExists (tsserver.js:139306:29)
    at Object.ConfiguredProject.fileExists (tsserver.js:140487:49)
    at tryGetModuleNameAsNodeModule (tsserver.js:102423:43)
    at tsserver.js:102244:88
    at Object.mapDefined (tsserver.js:562:30)
    at Object.getModuleSpecifiers (tsserver.js:102244:29)
    at getSpecifierForModuleSymbol (tsserver.js:38529:62)
    at tsserver.js:38395:39
    at Array.map (<anonymous>)
    at getSymbolChain (tsserver.js:38393:58)
    at lookupSymbolChainWorker (tsserver.js:38377:52)
    at lookupSymbolChain (tsserver.js:38370:24)
    at symbolToTypeNode (tsserver.js:38536:29)
    at typeToTypeNodeHelper (tsserver.js:37786:27)
    at symbolToParameterDeclaration (tsserver.js:38326:41)
    at tsserver.js:38274:101
    at Array.map (<anonymous>)
    at signatureToSignatureDeclarationHelper (tsserver.js:38274:67)
    at createTypeNodeFromObjectType (tsserver.js:37948:49)
    at createAnonymousTypeNode (tsserver.js:37889:32)
    at typeToTypeNodeHelper (tsserver.js:37809:28)
    at tsserver.js:37598:106
    at withContext (tsserver.js:37643:37)
    at Object.typeToTypeNode (tsserver.js:37598:28)
    at Object.getTypeNodeIfAccessible (tsserver.js:107545:27)
    at annotate (tsserver.js:125508:31)
    at annotateVariableDeclaration (tsserver.js:125444:17)
    at doChange (tsserver.js:125374:25)
    at tsserver.js:125313:109
    at Function.ChangeTracker.with (tsserver.js:123413:17)
    at Object.getCodeActions (tsserver.js:125313:64)
    at tsserver.js:124540:77
    at Object.flatMap (tsserver.js:465:25)
    at Object.getFixes (tsserver.js:124540:23)
    at tsserver.js:135666:35
    at Object.flatMap (tsserver.js:465:25)
    at Proxy.getCodeFixesAtPosition (tsserver.js:135664:23)
    at IOSession.Session.getCodeFixes (tsserver.js:145753:64)
    at Session.handlers.ts.createMapFromTemplate._a.<computed> (tsserver.js:144510:61)
    at tsserver.js:146003:88
    at IOSession.Session.executeWithRequestId (tsserver.js:145994:28)
    at IOSession.Session.executeCommand (tsserver.js:146003:33)
    at IOSession.Session.onMessage (tsserver.js:146027:35)
    at Interface.<anonymous> (tsserver.js:147342:27)
    at Interface.emit (events.js:203:13)
    at Interface._onLine (readline.js:316:10)
    at Interface._normalWrite (readline.js:461:12)
    at Socket.ondata (readline.js:172:10)
    at Socket.emit (events.js:203:13)
    at addChunk (_stream_readable.js:295:12)
    at readableAddChunk (_stream_readable.js:276:11)
    at Socket.Readable.push (_stream_readable.js:210:10)
    at Pipe.onStreamRead (internal/stream_base_commons.js:166:17)
	at Function.create (/usr/share/code/resources/app/extensions/typescript-language-features/dist/extension.js:1:49958)
	at h.dispatchResponse (/usr/share/code/resources/app/extensions/typescript-language-features/dist/extension.js:1:216914)
	at h.dispatchMessage (/usr/share/code/resources/app/extensions/typescript-language-features/dist/extension.js:1:215832)
	at /usr/share/code/resources/app/extensions/typescript-language-features/dist/extension.js:1:215308
	at l.fire (/usr/share/code/resources/app/out/vs/workbench/services/extensions/node/extensionHostProcess.js:48:845)
	at t.Reader.onLengthData (/usr/share/code/resources/app/extensions/typescript-language-features/dist/extension.js:1:223870)
	at Socket.<anonymous> (/usr/share/code/resources/app/extensions/typescript-language-features/dist/extension.js:1:223518)
	at Socket.emit (events.js:203:13)
	at addChunk (_stream_readable.js:295:12)
	at readableAddChunk (_stream_readable.js:276:11)
	at Socket.Readable.push (_stream_readable.js:210:10)
	at Pipe.onStreamRead (internal/stream_base_commons.js:166:17)
[2020-04-11 19:24:51.607] [renderer1] [error] <semantic> TypeScript Server Error (3.8.3)
this.fileExistsWithCache is not a function
TypeError: this.fileExistsWithCache is not a function
    at Object.Project.fileExists (tsserver.js:139306:29)
    at Object.ConfiguredProject.fileExists (tsserver.js:140487:49)
    at tryGetModuleNameAsNodeModule (tsserver.js:102423:43)
    at tsserver.js:102244:88
    at Object.mapDefined (tsserver.js:562:30)
    at Object.getModuleSpecifiers (tsserver.js:102244:29)
    at getSpecifierForModuleSymbol (tsserver.js:38529:62)
    at tsserver.js:38395:39
    at Array.map (<anonymous>)
    at getSymbolChain (tsserver.js:38393:58)
    at lookupSymbolChainWorker (tsserver.js:38377:52)
    at lookupSymbolChain (tsserver.js:38370:24)
    at symbolToTypeNode (tsserver.js:38536:29)
    at typeToTypeNodeHelper (tsserver.js:37786:27)
    at symbolToParameterDeclaration (tsserver.js:38326:41)
    at tsserver.js:38274:101
    at Array.map (<anonymous>)
    at signatureToSignatureDeclarationHelper (tsserver.js:38274:67)
    at createTypeNodeFromObjectType (tsserver.js:37948:49)
    at createAnonymousTypeNode (tsserver.js:37889:32)
    at typeToTypeNodeHelper (tsserver.js:37809:28)
    at tsserver.js:37598:106
    at withContext (tsserver.js:37643:37)
    at Object.typeToTypeNode (tsserver.js:37598:28)
    at Object.getTypeNodeIfAccessible (tsserver.js:107545:27)
    at annotate (tsserver.js:125508:31)
    at annotateVariableDeclaration (tsserver.js:125444:17)
    at doChange (tsserver.js:125374:25)
    at tsserver.js:125313:109
    at Function.ChangeTracker.with (tsserver.js:123413:17)
    at Object.getCodeActions (tsserver.js:125313:64)
    at tsserver.js:124540:77
    at Object.flatMap (tsserver.js:465:25)
    at Object.getFixes (tsserver.js:124540:23)
    at tsserver.js:135666:35
    at Object.flatMap (tsserver.js:465:25)
    at Proxy.getCodeFixesAtPosition (tsserver.js:135664:23)
    at IOSession.Session.getCodeFixes (tsserver.js:145753:64)
    at Session.handlers.ts.createMapFromTemplate._a.<computed> (tsserver.js:144510:61)
    at tsserver.js:146003:88
    at IOSession.Session.executeWithRequestId (tsserver.js:145994:28)
    at IOSession.Session.executeCommand (tsserver.js:146003:33)
    at IOSession.Session.onMessage (tsserver.js:146027:35)
    at Interface.<anonymous> (tsserver.js:147342:27)
    at Interface.emit (events.js:203:13)
    at Interface._onLine (readline.js:316:10)
    at Interface._normalWrite (readline.js:461:12)
    at Socket.ondata (readline.js:172:10)
    at Socket.emit (events.js:203:13)
    at addChunk (_stream_readable.js:295:12)
    at readableAddChunk (_stream_readable.js:276:11)
    at Socket.Readable.push (_stream_readable.js:210:10)
    at Pipe.onStreamRead (internal/stream_base_commons.js:166:17): Error: <semantic> TypeScript Server Error (3.8.3)
this.fileExistsWithCache is not a function
TypeError: this.fileExistsWithCache is not a function
    at Object.Project.fileExists (tsserver.js:139306:29)
    at Object.ConfiguredProject.fileExists (tsserver.js:140487:49)
    at tryGetModuleNameAsNodeModule (tsserver.js:102423:43)
    at tsserver.js:102244:88
    at Object.mapDefined (tsserver.js:562:30)
    at Object.getModuleSpecifiers (tsserver.js:102244:29)
    at getSpecifierForModuleSymbol (tsserver.js:38529:62)
    at tsserver.js:38395:39
    at Array.map (<anonymous>)
    at getSymbolChain (tsserver.js:38393:58)
    at lookupSymbolChainWorker (tsserver.js:38377:52)
    at lookupSymbolChain (tsserver.js:38370:24)
    at symbolToTypeNode (tsserver.js:38536:29)
    at typeToTypeNodeHelper (tsserver.js:37786:27)
    at symbolToParameterDeclaration (tsserver.js:38326:41)
    at tsserver.js:38274:101
    at Array.map (<anonymous>)
    at signatureToSignatureDeclarationHelper (tsserver.js:38274:67)
    at createTypeNodeFromObjectType (tsserver.js:37948:49)
    at createAnonymousTypeNode (tsserver.js:37889:32)
    at typeToTypeNodeHelper (tsserver.js:37809:28)
    at tsserver.js:37598:106
    at withContext (tsserver.js:37643:37)
    at Object.typeToTypeNode (tsserver.js:37598:28)
    at Object.getTypeNodeIfAccessible (tsserver.js:107545:27)
    at annotate (tsserver.js:125508:31)
    at annotateVariableDeclaration (tsserver.js:125444:17)
    at doChange (tsserver.js:125374:25)
    at tsserver.js:125313:109
    at Function.ChangeTracker.with (tsserver.js:123413:17)
    at Object.getCodeActions (tsserver.js:125313:64)
    at tsserver.js:124540:77
    at Object.flatMap (tsserver.js:465:25)
    at Object.getFixes (tsserver.js:124540:23)
    at tsserver.js:135666:35
    at Object.flatMap (tsserver.js:465:25)
    at Proxy.getCodeFixesAtPosition (tsserver.js:135664:23)
    at IOSession.Session.getCodeFixes (tsserver.js:145753:64)
    at Session.handlers.ts.createMapFromTemplate._a.<computed> (tsserver.js:144510:61)
    at tsserver.js:146003:88
    at IOSession.Session.executeWithRequestId (tsserver.js:145994:28)
    at IOSession.Session.executeCommand (tsserver.js:146003:33)
    at IOSession.Session.onMessage (tsserver.js:146027:35)
    at Interface.<anonymous> (tsserver.js:147342:27)
    at Interface.emit (events.js:203:13)
    at Interface._onLine (readline.js:316:10)
    at Interface._normalWrite (readline.js:461:12)
    at Socket.ondata (readline.js:172:10)
    at Socket.emit (events.js:203:13)
    at addChunk (_stream_readable.js:295:12)
    at readableAddChunk (_stream_readable.js:276:11)
    at Socket.Readable.push (_stream_readable.js:210:10)
    at Pipe.onStreamRead (internal/stream_base_commons.js:166:17)
	at Function.create (/usr/share/code/resources/app/extensions/typescript-language-features/dist/extension.js:1:49958)
	at h.dispatchResponse (/usr/share/code/resources/app/extensions/typescript-language-features/dist/extension.js:1:216914)
	at h.dispatchMessage (/usr/share/code/resources/app/extensions/typescript-language-features/dist/extension.js:1:215832)
	at /usr/share/code/resources/app/extensions/typescript-language-features/dist/extension.js:1:215308
	at l.fire (/usr/share/code/resources/app/out/vs/workbench/services/extensions/node/extensionHostProcess.js:48:845)
	at t.Reader.onLengthData (/usr/share/code/resources/app/extensions/typescript-language-features/dist/extension.js:1:223870)
	at Socket.<anonymous> (/usr/share/code/resources/app/extensions/typescript-language-features/dist/extension.js:1:223518)
	at Socket.emit (events.js:203:13)
	at addChunk (_stream_readable.js:295:12)
	at readableAddChunk (_stream_readable.js:276:11)
	at Socket.Readable.push (_stream_readable.js:210:10)
	at Pipe.onStreamRead (internal/stream_base_commons.js:166:17)
