Initializing document watcher...
angularFrontend/src/app/check/check.component.html: {}
angularFrontend/src/app/check/check.component.html: {}
angularFrontend/src/app/check/check.component.spec.ts: {}
angularFrontend/src/app/check/check.component.spec.ts: {}
angularFrontend/src/app/check/check.component.html: {}
angularFrontend/src/app/check/check.component.html: Using EditorConfig core...
angularFrontend/src/app/check/check.component.html: {}
angularFrontend/src/app/app.module.ts: {}
angularFrontend/src/app/app.component.ts: {}
angularFrontend/src/app/app.module.ts: {}
angularFrontend/src/app/app.component.html: {}
angularFrontend/src/app/app-routing.module.ts: {}
angularFrontend/src/app/app-routing.module.ts: Using EditorConfig core...
angularFrontend/src/app/app.module.ts: {}
angularFrontend/src/app/check/check.component.html: {}
angularFrontend/src/app/app-routing.module.ts: {}
angularFrontend/src/app/app-routing.module.ts: Using EditorConfig core...
angularFrontend/src/app/app-routing.module.ts: {}
angularFrontend/src/app/app-routing.module.ts: {}
angularFrontend/src/app/app-routing.module.ts: {}
angularFrontend/src/app/app-routing.module.ts: Using EditorConfig core...
angularFrontend/src/app/app-routing.module.ts: Using EditorConfig core...
angularFrontend/src/app/app-routing.module.ts: Using EditorConfig core...
angularFrontend/src/app/app-routing.module.ts: Using EditorConfig core...
angularFrontend/src/app/app-routing.module.ts: Using EditorConfig core...
angularFrontend/src/app/app-routing.module.ts: {}
angularFrontend/src/app/app-routing.module.ts: Using EditorConfig core...
angularFrontend/src/app/app-routing.module.ts: Using EditorConfig core...
angularFrontend/src/app/app-routing.module.ts: Using EditorConfig core...
angularFrontend/src/app/app-routing.module.ts: {}
angularFrontend/src/app/app-routing.module.ts: {}
angularFrontend/src/app/app-routing.module.ts: Using EditorConfig core...
angularFrontend/src/app/app-routing.module.ts: {}
angularFrontend/src/app/app-routing.module.ts: Using EditorConfig core...
angularFrontend/src/app/app-routing.module.ts: {}
angularFrontend/src/app/pages/examples/landingpage/landingpage.component.ts: {}
angularFrontend/src/app/pages/examples/landingpage/landingpage.component.html: {}
angularFrontend/src/app/pages/examples/landingpage/landingpage.component.html: {}
angularFrontend/src/app/app-routing.module.ts: {}
angularFrontend/src/app/app-routing.module.ts: {}
angularFrontend/src/app/pages/index/index.component.ts: {}
angularFrontend/src/app/pages/index/index.component.html: {}
angularFrontend/src/app/pages/index/index.component.ts: {}
angularFrontend/src/app/app-routing.module.ts: {}
angularFrontend/src/app/pages/examples/landingpage/landingpage.component.html: {}
angularFrontend/src/app/pages/examples/registerpage/registerpage.component.html: {}
angularFrontend/src/app/pages/examples/registerpage/registerpage.component.html: {}
angularFrontend/src/app/pages/examples/registerpage/registerpage.component.html: {}
angularFrontend/src/app/pages/examples/registerpage/registerpage.component.html: {}
angularFrontend/src/app/pages/examples/registerpage/registerpage.component.html: {}
angularFrontend/src/app/pages/examples/registerpage/registerpage.component.html: {}
angularFrontend/src/app/pages/examples/registerpage/registerpage.component.html: {}
angularFrontend/src/app/pages/examples/registerpage/registerpage.component.html: {}
angularFrontend/src/app/pages/examples/registerpage/registerpage.component.html: {}
angularFrontend/src/app/pages/examples/registerpage/registerpage.component.html: {}
angularFrontend/src/app/pages/examples/registerpage/registerpage.component.html: {}
angularFrontend/src/app/pages/examples/registerpage/registerpage.component.html: {}
angularFrontend/src/app/pages/examples/registerpage/registerpage.component.html: {}
angularFrontend/src/app/pages/examples/registerpage/registerpage.component.html: {}
angularFrontend/src/app/pages/examples/registerpage/registerpage.component.html: {}
angularFrontend/src/app/pages/examples/registerpage/registerpage.component.html: {}
angularFrontend/src/app/pages/examples/registerpage/registerpage.component.html: {}
angularFrontend/src/app/pages/examples/registerpage/registerpage.component.html: {}
angularFrontend/src/app/services/auth.service.spec.ts: {}
angularFrontend/src/app/services/auth.service.spec.ts: {}
angularFrontend/src/app/pages/examples/registerpage/registerpage.component.html: {}
angularFrontend/src/app/services/auth.service.spec.ts: {}
angularFrontend/src/app/services/auth.service.spec.ts: {}
angularFrontend/src/app/pages/examples/registerpage/registerpage.component.html: {}
angularFrontend/src/app/services/auth.service.ts: {}
angularFrontend/src/app/services/auth.service.ts: Using EditorConfig core...
angularFrontend/src/app/services/auth.service.ts: {}
angularFrontend/src/app/services/auth.service.ts: {}
angularFrontend/src/app/services/auth.service.ts: Using EditorConfig core...
angularFrontend/src/app/services/auth.service.ts: {}
angularFrontend/package.json: {}
angularFrontend/CHANGELOG.md: {}
angularFrontend/ISSUE_TEMPLATE.md: {}
angularFrontend/angular.json: {}
angularFrontend/angular.json: {}
angularFrontend/src/app/services/auth.service.ts: {}
angularFrontend/src/app/services/auth.service.ts: {}
No more open editors.
No more open editors.
angularFrontend/src/app/services/auth.service.ts: {}
angularFrontend/src/app/services/auth.service.ts: {}
angularFrontend/ISSUE_TEMPLATE.md: {}
angularFrontend/src/app/services/auth.service.ts: {}
angularFrontend/src/app/services/auth.service.ts: {}
angularFrontend/src/app/services/user.model.ts: {}
angularFrontend/src/app/services/user.model.ts: Using EditorConfig core...
angularFrontend/src/app/services/auth.service.ts: {}
angularFrontend/src/app/services/auth.service.ts: {}
angularFrontend/src/app/services/auth.service.ts: {}
angularFrontend/src/app/services/auth.service.ts: {}
angularFrontend/src/app/services/auth.service.ts: {}
angularFrontend/src/app/services/auth.service.ts: Using EditorConfig core...
angularFrontend/src/app/services/auth.service.ts: Using EditorConfig core...
angularFrontend/src/app/services/auth.service.ts: {}
angularFrontend/node_modules/firebase-tools/package.json: {}
angularFrontend/node_modules/firebase-tools/package.json: {}
angularFrontend/node_modules/firebase-tools/package.json: {}
angularFrontend/node_modules/firebase-tools/package.json: {}
angularFrontend/node_modules/firebase-tools/package.json: {}
