Initializing document watcher...
angularFrontend/src/app/events-page/events-page.component.ts: {}
angularFrontend/src/app/events-page/events-page.component.html: {}
angularFrontend/src/app/events-page/events-page.component.html: {}
angularFrontend/src/app/events-page/events-page.component.html: Using EditorConfig core...
angularFrontend/src/app/events-page/events-page.component.html: {}
angularFrontend/src/app/events-page/events-page.component.html: {}
angularFrontend/src/app/events-page/events-page.component.html: {}
angularFrontend/src/app/events-page/events-page.component.html: Using EditorConfig core...
angularFrontend/src/app/events-page/events-page.component.html: {}
angularFrontend/src/app/events-page/events-page.component.html: Using EditorConfig core...
angularFrontend/src/app/events-page/events-page.component.html: {}
angularFrontend/src/app/events-page/events-page.component.ts: {}
angularFrontend/src/app/events-page/events-page.component.html: {}
angularFrontend/src/app/events-page/events-page.component.html: Using EditorConfig core...
angularFrontend/src/app/events-page/events-page.component.html: {}
angularFrontend/src/app/events-page/events-page.component.html: Using EditorConfig core...
angularFrontend/src/app/events-page/events-page.component.html: {}
angularFrontend/src/app/events-page/events-page.component.ts: {}
angularFrontend/src/app/events-page/events-page.component.ts: {}
angularFrontend/src/app/events-page/events-page.component.ts: {}
angularFrontend/src/app/events-page/events-page.component.html: {}
angularFrontend/src/app/events-page/events-page.component.html: Using EditorConfig core...
angularFrontend/src/app/events-page/events-page.component.html: {}
angularFrontend/src/app/events-page/events-page.component.html: {}
angularFrontend/src/app/events-page/events-page.component.html: {}
angularFrontend/src/app/events-page/events-page.component.ts: {}
angularFrontend/src/app/events-page/events-page.component.html: {}
angularFrontend/src/app/events-page/events-page.component.html: Using EditorConfig core...
angularFrontend/src/app/events-page/events-page.component.ts: {}
angularFrontend/src/app/events-page/events-page.component.ts: Using EditorConfig core...
angularFrontend/src/app/events-page/events-page.component.ts: {}
angularFrontend/src/app/events-page/events-page.component.html: {}
angularFrontend/src/app/events-page/events-page.component.html: Using EditorConfig core...
angularFrontend/src/app/events-page/events-page.component.html: {}
angularFrontend/src/app/events-page/events-page.component.html: {}
angularFrontend/src/app/events-page/events-page.component.html: {}
angularFrontend/src/app/events-page/events-page.component.html: Using EditorConfig core...
angularFrontend/src/app/events-page/events-page.component.ts: {}
